Building DAG of jobs...
Using shell: /usr/bin/bash
Provided cores: 1 (use --cores to define parallelism)
Rules claiming more threads will be scaled down.
Job stats:
job        count
-------  -------
summary        1
total          1

Select jobs to execute...

[Wed May  7 14:32:20 2025]
rule summary:
    input: /data/gpfs/projects/punim0586/nshukla/thylacine_canid_convergence_reanalysis/output/compiled_wflow_test/ThyCyn2.0/chr19_ThyCyn2.0_list.txt, /data/gpfs/projects/punim0586/nshukla/thylacine_canid_convergence_reanalysis/output/compiled_wflow_test/mSarHar1.11/chr19_mSarHar1.11_list.txt, /data/gpfs/projects/punim0586/nshukla/thylacine_canid_convergence_reanalysis/output/compiled_wflow_test/AStuM/chr19_AStuM_list.txt, /data/gpfs/projects/punim0586/nshukla/thylacine_canid_convergence_reanalysis/output/compiled_wflow_test/DasVivv1.0/chr19_DasVivv1.0_list.txt, /data/gpfs/projects/punim0586/nshukla/thylacine_canid_convergence_reanalysis/output/compiled_wflow_test/mMyrFas1/chr19_mMyrFas1_list.txt, /data/gpfs/projects/punim0586/nshukla/thylacine_canid_convergence_reanalysis/output/compiled_wflow_test/mDroGli1/chr19_mDroGli1_list.txt
    output: ../../output/compiled_wflow_test/chr19_lifted_regions_summary.txt, ../../output/compiled_wflow_test/chr19_lifted_regions.txt
    jobid: 0
    reason: Code has changed since last execution
    wildcards: path=../../output/compiled_wflow_test, chr=chr19
    resources: tmpdir=/tmp

RuleException in rule summary in file /data/gpfs/projects/punim0586/nshukla/thylacine_canid_convergence_reanalysis/code/mapping_workflow_v2/Snakefile_mafft, line 15:
NameError: The name 'path' is unknown in this context. Did you mean 'wildcards.path'?, when formatting the following:

    Rscript summary.R {input.species_regions} {output.summary} {output.list}
    sed -i 's/\/data\/gpfs\/projects\/punim0586\/nshukla\/thylacine_canid_convergence_reanalysis\/output\/compiled_wflow_test\///g' {output.summary}
    mkdir {path}/compiled
    bash combine_seq.sh {output.summary}  
    
