Building DAG of jobs...
Using shell: /usr/bin/bash
Provided cores: 10
Rules claiming more threads will be scaled down.
Job stats:
job                count
---------------  -------
clean_bedfile          1
combine_mapped         1
finish                 1
format_unmapped        1
get_fasta              1
get_unmapped           1
gtf2bed                1
liftoff                1
remap                  1
split_fasta            1
total                 10

Select jobs to execute...

[Wed Jul  2 15:57:19 2025]
rule liftoff:
    input: /data/gpfs/projects/punim0586/nshukla/thylacine_canid_convergence_reanalysis/output/compiled_wflow_test/chr19_phastCons60way_sarHar1_liftover_edited.gtf, /data/gpfs/projects/punim0586/nshukla/thylacine_canid_convergence_reanalysis/data/features2.txt, /data/gpfs/projects/punim0586/nshukla/thylacine_canid_convergence_reanalysis/data/genomes/sarHar1/sarHar1.fa, /data/gpfs/projects/punim0586/nshukla/thylacine_canid_convergence_reanalysis/data/genomes/AStuM/GCA_016696395.1_USYD_AStu_M_genomic.fna
    output: /data/gpfs/projects/punim0586/nshukla/thylacine_canid_convergence_reanalysis/output/compiled_wflow_test/chr19_phastCons60way_AStuM_mapped.gtf, /data/gpfs/projects/punim0586/nshukla/thylacine_canid_convergence_reanalysis/output/compiled_wflow_test/chr19_phastCons60way_AStuM_unmapped.txt
    log: /data/gpfs/projects/punim0586/nshukla/thylacine_canid_convergence_reanalysis/output/compiled_wflow_test/logfiles/chr19_phastCons60way_AStuM_mapped.gtf.log
    jobid: 18
    reason: Missing output files: /data/gpfs/projects/punim0586/nshukla/thylacine_canid_convergence_reanalysis/output/compiled_wflow_test/chr19_phastCons60way_AStuM_mapped.gtf, /data/gpfs/projects/punim0586/nshukla/thylacine_canid_convergence_reanalysis/output/compiled_wflow_test/chr19_phastCons60way_AStuM_unmapped.txt
    wildcards: path=/data/gpfs/projects/punim0586/nshukla/thylacine_canid_convergence_reanalysis/output/compiled_wflow_test, target_species=AStuM, chr=chr19
    resources: tmpdir=/tmp

[Wed Jul  2 15:57:48 2025]
Finished job 18.
1 of 10 steps (10%) done
Select jobs to execute...

[Wed Jul  2 15:57:48 2025]
rule get_unmapped:
    input: /data/gpfs/projects/punim0586/nshukla/thylacine_canid_convergence_reanalysis/output/compiled_wflow_test/chr19_phastCons60way_AStuM_unmapped.txt
    output: /data/gpfs/projects/punim0586/nshukla/thylacine_canid_convergence_reanalysis/output/compiled_wflow_test/chr19_phastCons60way_sarHar1_liftover_AStuM_unmapped_edited.txt
    log: /data/gpfs/projects/punim0586/nshukla/thylacine_canid_convergence_reanalysis/output/compiled_wflow_test/logfiles/chr19_phastCons60way_sarHar1_AStuM_unmapped.log
    jobid: 21
    reason: Missing output files: /data/gpfs/projects/punim0586/nshukla/thylacine_canid_convergence_reanalysis/output/compiled_wflow_test/chr19_phastCons60way_sarHar1_liftover_AStuM_unmapped_edited.txt; Input files updated by another job: /data/gpfs/projects/punim0586/nshukla/thylacine_canid_convergence_reanalysis/output/compiled_wflow_test/chr19_phastCons60way_AStuM_unmapped.txt
    wildcards: path=/data/gpfs/projects/punim0586/nshukla/thylacine_canid_convergence_reanalysis/output/compiled_wflow_test, target_species=AStuM, chr=chr19
    resources: tmpdir=/tmp

[Wed Jul  2 15:57:48 2025]
Finished job 21.
2 of 10 steps (20%) done
Select jobs to execute...

[Wed Jul  2 15:57:48 2025]
rule format_unmapped:
    input: /data/gpfs/projects/punim0586/nshukla/thylacine_canid_convergence_reanalysis/output/compiled_wflow_test/chr19_phastCons60way_sarHar1_liftover_AStuM_unmapped_edited.txt, /data/gpfs/projects/punim0586/nshukla/thylacine_canid_convergence_reanalysis/output/compiled_wflow_test/chr19_phastCons60way_sarHar1_liftover_edited.gtf
    output: /data/gpfs/projects/punim0586/nshukla/thylacine_canid_convergence_reanalysis/output/compiled_wflow_test/chr19_phastCons60way_sarHar1_liftover_AStuM_unmapped.gtf
    log: /data/gpfs/projects/punim0586/nshukla/thylacine_canid_convergence_reanalysis/output/compiled_wflow_test/logfiles/chr19_phastCons60way_sarHar1_AStuM_unmapped_format.log
    jobid: 20
    reason: Missing output files: /data/gpfs/projects/punim0586/nshukla/thylacine_canid_convergence_reanalysis/output/compiled_wflow_test/chr19_phastCons60way_sarHar1_liftover_AStuM_unmapped.gtf; Input files updated by another job: /data/gpfs/projects/punim0586/nshukla/thylacine_canid_convergence_reanalysis/output/compiled_wflow_test/chr19_phastCons60way_sarHar1_liftover_AStuM_unmapped_edited.txt
    wildcards: path=/data/gpfs/projects/punim0586/nshukla/thylacine_canid_convergence_reanalysis/output/compiled_wflow_test, target_species=AStuM, chr=chr19
    resources: tmpdir=/tmp

[Wed Jul  2 15:57:48 2025]
Finished job 20.
3 of 10 steps (30%) done
Select jobs to execute...

[Wed Jul  2 15:57:48 2025]
rule remap:
    input: /data/gpfs/projects/punim0586/nshukla/thylacine_canid_convergence_reanalysis/output/compiled_wflow_test/chr19_phastCons60way_sarHar1_liftover_AStuM_unmapped.gtf, /data/gpfs/projects/punim0586/nshukla/thylacine_canid_convergence_reanalysis/data/features2.txt, /data/gpfs/projects/punim0586/nshukla/thylacine_canid_convergence_reanalysis/data/genomes/sarHar1/sarHar1.fa, /data/gpfs/projects/punim0586/nshukla/thylacine_canid_convergence_reanalysis/data/genomes/AStuM/GCA_016696395.1_USYD_AStu_M_genomic.fna
    output: /data/gpfs/projects/punim0586/nshukla/thylacine_canid_convergence_reanalysis/output/compiled_wflow_test/chr19_phastCons60way_AStuM_remapped.gtf, /data/gpfs/projects/punim0586/nshukla/thylacine_canid_convergence_reanalysis/output/compiled_wflow_test/chr19_phastCons60way_AStuM_remapfail.txt
    log: /data/gpfs/projects/punim0586/nshukla/thylacine_canid_convergence_reanalysis/output/compiled_wflow_test/logfiles/chr19_phastCons60way_AStuM_remapped.gtf.log
    jobid: 19
    reason: Missing output files: /data/gpfs/projects/punim0586/nshukla/thylacine_canid_convergence_reanalysis/output/compiled_wflow_test/chr19_phastCons60way_AStuM_remapped.gtf; Input files updated by another job: /data/gpfs/projects/punim0586/nshukla/thylacine_canid_convergence_reanalysis/output/compiled_wflow_test/chr19_phastCons60way_sarHar1_liftover_AStuM_unmapped.gtf
    wildcards: path=/data/gpfs/projects/punim0586/nshukla/thylacine_canid_convergence_reanalysis/output/compiled_wflow_test, target_species=AStuM, chr=chr19
    resources: tmpdir=/tmp

[Wed Jul  2 15:58:04 2025]
Finished job 19.
4 of 10 steps (40%) done
Select jobs to execute...

[Wed Jul  2 15:58:04 2025]
rule combine_mapped:
    input: /data/gpfs/projects/punim0586/nshukla/thylacine_canid_convergence_reanalysis/output/compiled_wflow_test/chr19_phastCons60way_AStuM_mapped.gtf, /data/gpfs/projects/punim0586/nshukla/thylacine_canid_convergence_reanalysis/output/compiled_wflow_test/chr19_phastCons60way_AStuM_remapped.gtf
    output: /data/gpfs/projects/punim0586/nshukla/thylacine_canid_convergence_reanalysis/output/compiled_wflow_test/chr19_phastCons60way_AStuM_combined.gtf
    log: /data/gpfs/projects/punim0586/nshukla/thylacine_canid_convergence_reanalysis/output/compiled_wflow_test/logfiles/chr19_phastCons60way_liftoff_AStuM.mapped.bed.log
    jobid: 17
    reason: Missing output files: /data/gpfs/projects/punim0586/nshukla/thylacine_canid_convergence_reanalysis/output/compiled_wflow_test/chr19_phastCons60way_AStuM_combined.gtf; Input files updated by another job: /data/gpfs/projects/punim0586/nshukla/thylacine_canid_convergence_reanalysis/output/compiled_wflow_test/chr19_phastCons60way_AStuM_mapped.gtf, /data/gpfs/projects/punim0586/nshukla/thylacine_canid_convergence_reanalysis/output/compiled_wflow_test/chr19_phastCons60way_AStuM_remapped.gtf
    wildcards: path=/data/gpfs/projects/punim0586/nshukla/thylacine_canid_convergence_reanalysis/output/compiled_wflow_test, target_species=AStuM, chr=chr19
    resources: tmpdir=/tmp

[Wed Jul  2 15:58:04 2025]
Finished job 17.
5 of 10 steps (50%) done
Select jobs to execute...

[Wed Jul  2 15:58:04 2025]
rule gtf2bed:
    input: /data/gpfs/projects/punim0586/nshukla/thylacine_canid_convergence_reanalysis/output/compiled_wflow_test/chr19_phastCons60way_AStuM_combined.gtf
    output: /data/gpfs/projects/punim0586/nshukla/thylacine_canid_convergence_reanalysis/output/compiled_wflow_test/chr19_phastCons60way_liftoff_AStuM_mapped.bed
    log: /data/gpfs/projects/punim0586/nshukla/thylacine_canid_convergence_reanalysis/output/compiled_wflow_test/logfiles/chr19_phastCons60way_liftoff_AStuM.mapped.bed.log
    jobid: 16
    reason: Missing output files: /data/gpfs/projects/punim0586/nshukla/thylacine_canid_convergence_reanalysis/output/compiled_wflow_test/chr19_phastCons60way_liftoff_AStuM_mapped.bed; Input files updated by another job: /data/gpfs/projects/punim0586/nshukla/thylacine_canid_convergence_reanalysis/output/compiled_wflow_test/chr19_phastCons60way_AStuM_combined.gtf
    wildcards: path=/data/gpfs/projects/punim0586/nshukla/thylacine_canid_convergence_reanalysis/output/compiled_wflow_test, target_species=AStuM, chr=chr19
    resources: tmpdir=/tmp

[Wed Jul  2 15:58:04 2025]
Finished job 16.
6 of 10 steps (60%) done
Select jobs to execute...

[Wed Jul  2 15:58:04 2025]
rule clean_bedfile:
    input: /data/gpfs/projects/punim0586/nshukla/thylacine_canid_convergence_reanalysis/output/compiled_wflow_test/chr19_phastCons60way_liftoff_AStuM_mapped.bed
    output: /data/gpfs/projects/punim0586/nshukla/thylacine_canid_convergence_reanalysis/output/compiled_wflow_test/chr19_phastCons60way_liftoff_AStuM_mapped_cleaned.bed
    log: /data/gpfs/projects/punim0586/nshukla/thylacine_canid_convergence_reanalysis/output/compiled_wflow_test/logfiles/chr19_phastCons60way_liftoff_AStuM.mapped.bed.log
    jobid: 15
    reason: Missing output files: /data/gpfs/projects/punim0586/nshukla/thylacine_canid_convergence_reanalysis/output/compiled_wflow_test/chr19_phastCons60way_liftoff_AStuM_mapped_cleaned.bed; Input files updated by another job: /data/gpfs/projects/punim0586/nshukla/thylacine_canid_convergence_reanalysis/output/compiled_wflow_test/chr19_phastCons60way_liftoff_AStuM_mapped.bed
    wildcards: path=/data/gpfs/projects/punim0586/nshukla/thylacine_canid_convergence_reanalysis/output/compiled_wflow_test, target_species=AStuM, chr=chr19
    resources: tmpdir=/tmp

[Wed Jul  2 15:58:06 2025]
Finished job 15.
7 of 10 steps (70%) done
Select jobs to execute...

[Wed Jul  2 15:58:06 2025]
rule get_fasta:
    input: /data/gpfs/projects/punim0586/nshukla/thylacine_canid_convergence_reanalysis/output/compiled_wflow_test/chr19_phastCons60way_liftoff_AStuM_mapped_cleaned.bed, /data/gpfs/projects/punim0586/nshukla/thylacine_canid_convergence_reanalysis/data/genomes/AStuM/GCA_016696395.1_USYD_AStu_M_genomic.fna, /data/gpfs/projects/punim0586/nshukla/thylacine_canid_convergence_reanalysis/data/genomes/AStuM/GCA_016696395.1_USYD_AStu_M_genomic.fna.fai
    output: /data/gpfs/projects/punim0586/nshukla/thylacine_canid_convergence_reanalysis/output/compiled_wflow_test/chr19_phastCons60way_liftoff_AStuM_mapped_cleaned.fa
    log: /data/gpfs/projects/punim0586/nshukla/thylacine_canid_convergence_reanalysis/output/compiled_wflow_test/logfiles/chr19_phastCons60way_liftoff_AStuM_mapped_cleaned_filtered.fa
    jobid: 14
    reason: Missing output files: /data/gpfs/projects/punim0586/nshukla/thylacine_canid_convergence_reanalysis/output/compiled_wflow_test/chr19_phastCons60way_liftoff_AStuM_mapped_cleaned.fa; Input files updated by another job: /data/gpfs/projects/punim0586/nshukla/thylacine_canid_convergence_reanalysis/output/compiled_wflow_test/chr19_phastCons60way_liftoff_AStuM_mapped_cleaned.bed
    wildcards: path=/data/gpfs/projects/punim0586/nshukla/thylacine_canid_convergence_reanalysis/output/compiled_wflow_test, target_species=AStuM, chr=chr19
    resources: tmpdir=/tmp

[Wed Jul  2 15:58:12 2025]
Finished job 14.
8 of 10 steps (80%) done
Select jobs to execute...

[Wed Jul  2 15:58:12 2025]
rule split_fasta:
    input: /data/gpfs/projects/punim0586/nshukla/thylacine_canid_convergence_reanalysis/output/compiled_wflow_test/chr19_phastCons60way_liftoff_AStuM_mapped_cleaned.fa, /data/gpfs/projects/punim0586/nshukla/thylacine_canid_convergence_reanalysis/output/compiled_wflow_test/AStuM
    output: /data/gpfs/projects/punim0586/nshukla/thylacine_canid_convergence_reanalysis/output/compiled_wflow_test/AStuM/chr19_AStuM_list.txt
    log: /data/gpfs/projects/punim0586/nshukla/thylacine_canid_convergence_reanalysis/output/compiled_wflow_test/logfiles/chr19_AStuM_faSplit.log
    jobid: 13
    reason: Missing output files: /data/gpfs/projects/punim0586/nshukla/thylacine_canid_convergence_reanalysis/output/compiled_wflow_test/AStuM/chr19_AStuM_list.txt; Input files updated by another job: /data/gpfs/projects/punim0586/nshukla/thylacine_canid_convergence_reanalysis/output/compiled_wflow_test/chr19_phastCons60way_liftoff_AStuM_mapped_cleaned.fa
    wildcards: path=/data/gpfs/projects/punim0586/nshukla/thylacine_canid_convergence_reanalysis/output/compiled_wflow_test, target_species=AStuM, chr=chr19
    resources: tmpdir=/tmp

[Wed Jul  2 15:58:15 2025]
Finished job 13.
9 of 10 steps (90%) done
Select jobs to execute...

[Wed Jul  2 15:58:15 2025]
rule finish:
    input: /data/gpfs/projects/punim0586/nshukla/thylacine_canid_convergence_reanalysis/output/compiled_wflow_test/ThyCyn2.0/chr19_ThyCyn2.0_list.txt, /data/gpfs/projects/punim0586/nshukla/thylacine_canid_convergence_reanalysis/output/compiled_wflow_test/AStuM/chr19_AStuM_list.txt
    output: ../../output/compiled_wflow_test/sarHar1_workflow_summary.txt, ../../output/compiled_wflow_test/sarHar1_regions_list.txt
    jobid: 0
    reason: Missing output files: ../../output/compiled_wflow_test/sarHar1_workflow_summary.txt; Input files updated by another job: /data/gpfs/projects/punim0586/nshukla/thylacine_canid_convergence_reanalysis/output/compiled_wflow_test/AStuM/chr19_AStuM_list.txt
    wildcards: path=../../output/compiled_wflow_test, target_species=sarHar1
    resources: tmpdir=/tmp

[Wed Jul  2 15:58:16 2025]
Error in rule finish:
    jobid: 0
    input: /data/gpfs/projects/punim0586/nshukla/thylacine_canid_convergence_reanalysis/output/compiled_wflow_test/ThyCyn2.0/chr19_ThyCyn2.0_list.txt, /data/gpfs/projects/punim0586/nshukla/thylacine_canid_convergence_reanalysis/output/compiled_wflow_test/AStuM/chr19_AStuM_list.txt
    output: ../../output/compiled_wflow_test/sarHar1_workflow_summary.txt, ../../output/compiled_wflow_test/sarHar1_regions_list.txt
    shell:
        
    Rscript summary.R /data/gpfs/projects/punim0586/nshukla/thylacine_canid_convergence_reanalysis/output/compiled_wflow_test/ThyCyn2.0/chr19_ThyCyn2.0_list.txt /data/gpfs/projects/punim0586/nshukla/thylacine_canid_convergence_reanalysis/output/compiled_wflow_test/AStuM/chr19_AStuM_list.txt ../../output/compiled_wflow_test/sarHar1_workflow_summary.txt ../../output/compiled_wflow_test/sarHar1_regions_list.txt
    
        (one of the commands exited with non-zero exit code; note that snakemake uses bash strict mode!)

Shutting down, this might take some time.
Exiting because a job execution failed. Look above for error message
Complete log: .snakemake/log/2025-07-02T155714.857866.snakemake.log
