Building DAG of jobs...
Using shell: /usr/bin/bash
Provided cores: 10
Rules claiming more threads will be scaled down.
Job stats:
job       count
------  -------
finish        1
total         1

Select jobs to execute...

[Wed Jul  2 16:04:36 2025]
rule finish:
    input: /data/gpfs/projects/punim0586/nshukla/thylacine_canid_convergence_reanalysis/output/compiled_wflow_test/ThyCyn2.0/chr19_ThyCyn2.0_list.txt, /data/gpfs/projects/punim0586/nshukla/thylacine_canid_convergence_reanalysis/output/compiled_wflow_test/AStuM/chr19_AStuM_list.txt
    output: ../../output/compiled_wflow_test/sarHar1_workflow_summary.txt, ../../output/compiled_wflow_test/sarHar1_regions_list.txt
    jobid: 0
    reason: Missing output files: ../../output/compiled_wflow_test/sarHar1_workflow_summary.txt
    wildcards: path=../../output/compiled_wflow_test, target_species=sarHar1
    resources: tmpdir=/tmp

[Wed Jul  2 16:04:38 2025]
Finished job 0.
1 of 1 steps (100%) done
Complete log: .snakemake/log/2025-07-02T160431.610279.snakemake.log
