Building DAG of jobs...
Using shell: /usr/bin/bash
Provided cores: 1 (use --cores to define parallelism)
Rules claiming more threads will be scaled down.
Job stats:
job            count
-----------  -------
split_fasta        1
total              1

Select jobs to execute...

[Tue May  6 16:30:15 2025]
rule split_fasta:
    input: ../../output/compiled_wflow_test/chr19_phastCons60way_liftoff_ThyCyn2.0_mapped_cleaned_slop.fa, ../../output/compiled_wflow_test/ThyCyn2.0
    output: ../../output/compiled_wflow_test/ThyCyn2.0/chr19_ThyCyn2.0_list.txt
    log: ../../output/compiled_wflow_test/logfiles/chr19_ThyCyn2.0_faSplit.log
    jobid: 0
    reason: Missing output files: ../../output/compiled_wflow_test/ThyCyn2.0/chr19_ThyCyn2.0_list.txt
    wildcards: path=../../output/compiled_wflow_test, target_species=ThyCyn2.0, chr=chr19
    resources: tmpdir=/tmp

[Tue May  6 16:30:18 2025]
Finished job 0.
1 of 1 steps (100%) done
Complete log: .snakemake/log/2025-05-06T163013.158762.snakemake.log
