Building DAG of jobs...
Using shell: /usr/bin/bash
Provided cores: 10
Rules claiming more threads will be scaled down.
Job stats:
job                count
---------------  -------
bed2gtf                1
clean_bedfile          1
combine_mapped         1
editgtf                1
finish                 1
format_unmapped        1
get_fasta              1
get_unmapped           1
gtf2bed                1
liftoff                1
liftover               1
remap                  1
split_fasta            1
total                 13

Select jobs to execute...

[Wed Jul  2 15:45:22 2025]
rule liftover:
    input: /data/gpfs/projects/punim0586/nshukla/thylacine_canid_convergence_reanalysis/data/chain_files/mm10ToSarHar1.over.chain.gz, /data/gpfs/projects/punim0586/nshukla/thylacine_canid_convergence_reanalysis/data/mm10/chr19_60way_most_conserved_merged_size_edited.bed
    output: /data/gpfs/projects/punim0586/nshukla/thylacine_canid_convergence_reanalysis/output/compiled_wflow_test/chr19_phastCons60way_sarHar1_liftover.bed, /data/gpfs/projects/punim0586/nshukla/thylacine_canid_convergence_reanalysis/output/compiled_wflow_test/chr19_phastCons60way_sarHar1_unlifted.bed
    log: /data/gpfs/projects/punim0586/nshukla/thylacine_canid_convergence_reanalysis/output/compiled_wflow_test/logfiles/chr19_phastCons60way_sarHar1_liftover.log
    jobid: 9
    reason: Missing output files: /data/gpfs/projects/punim0586/nshukla/thylacine_canid_convergence_reanalysis/output/compiled_wflow_test/chr19_phastCons60way_sarHar1_liftover.bed
    wildcards: path=/data/gpfs/projects/punim0586/nshukla/thylacine_canid_convergence_reanalysis/output/compiled_wflow_test, chr=chr19
    resources: tmpdir=/tmp

[Wed Jul  2 15:45:24 2025]
Finished job 9.
1 of 13 steps (8%) done
Select jobs to execute...

[Wed Jul  2 15:45:24 2025]
rule bed2gtf:
    input: /data/gpfs/projects/punim0586/nshukla/thylacine_canid_convergence_reanalysis/output/compiled_wflow_test/chr19_phastCons60way_sarHar1_liftover.bed
    output: /data/gpfs/projects/punim0586/nshukla/thylacine_canid_convergence_reanalysis/output/compiled_wflow_test/chr19_phastCons60way_sarHar1_liftover.gtf
    log: /data/gpfs/projects/punim0586/nshukla/thylacine_canid_convergence_reanalysis/output/compiled_wflow_test/logfiles/chr19_phastCons60way_sarHar1.gtf.log
    jobid: 8
    reason: Missing output files: /data/gpfs/projects/punim0586/nshukla/thylacine_canid_convergence_reanalysis/output/compiled_wflow_test/chr19_phastCons60way_sarHar1_liftover.gtf; Input files updated by another job: /data/gpfs/projects/punim0586/nshukla/thylacine_canid_convergence_reanalysis/output/compiled_wflow_test/chr19_phastCons60way_sarHar1_liftover.bed
    wildcards: path=/data/gpfs/projects/punim0586/nshukla/thylacine_canid_convergence_reanalysis/output/compiled_wflow_test, chr=chr19
    resources: tmpdir=/tmp

[Wed Jul  2 15:45:24 2025]
Finished job 8.
2 of 13 steps (15%) done
Select jobs to execute...

[Wed Jul  2 15:45:24 2025]
rule editgtf:
    input: /data/gpfs/projects/punim0586/nshukla/thylacine_canid_convergence_reanalysis/output/compiled_wflow_test/chr19_phastCons60way_sarHar1_liftover.gtf
    output: /data/gpfs/projects/punim0586/nshukla/thylacine_canid_convergence_reanalysis/output/compiled_wflow_test/chr19_phastCons60way_sarHar1_liftover_edited.gtf
    log: /data/gpfs/projects/punim0586/nshukla/thylacine_canid_convergence_reanalysis/output/compiled_wflow_test/logfiles/chr19_phastCons60way_sarHar1_edited.gtf.log
    jobid: 7
    reason: Missing output files: /data/gpfs/projects/punim0586/nshukla/thylacine_canid_convergence_reanalysis/output/compiled_wflow_test/chr19_phastCons60way_sarHar1_liftover_edited.gtf; Input files updated by another job: /data/gpfs/projects/punim0586/nshukla/thylacine_canid_convergence_reanalysis/output/compiled_wflow_test/chr19_phastCons60way_sarHar1_liftover.gtf
    wildcards: path=/data/gpfs/projects/punim0586/nshukla/thylacine_canid_convergence_reanalysis/output/compiled_wflow_test, chr=chr19
    resources: tmpdir=/tmp

[Wed Jul  2 15:45:24 2025]
Finished job 7.
3 of 13 steps (23%) done
Select jobs to execute...

[Wed Jul  2 15:45:24 2025]
rule liftoff:
    input: /data/gpfs/projects/punim0586/nshukla/thylacine_canid_convergence_reanalysis/output/compiled_wflow_test/chr19_phastCons60way_sarHar1_liftover_edited.gtf, /data/gpfs/projects/punim0586/nshukla/thylacine_canid_convergence_reanalysis/data/features2.txt, /data/gpfs/projects/punim0586/nshukla/thylacine_canid_convergence_reanalysis/data/genomes/sarHar1/sarHar1.fa, /data/gpfs/projects/punim0586/nshukla/thylacine_canid_convergence_reanalysis/data/genomes/ThyCyn2.0_hybrid_assembly/UniMelb_ThyCyn2_0_hybrid_assembly.fsa
    output: /data/gpfs/projects/punim0586/nshukla/thylacine_canid_convergence_reanalysis/output/compiled_wflow_test/chr19_phastCons60way_ThyCyn2.0_mapped.gtf, /data/gpfs/projects/punim0586/nshukla/thylacine_canid_convergence_reanalysis/output/compiled_wflow_test/chr19_phastCons60way_ThyCyn2.0_unmapped.txt
    log: /data/gpfs/projects/punim0586/nshukla/thylacine_canid_convergence_reanalysis/output/compiled_wflow_test/logfiles/chr19_phastCons60way_ThyCyn2.0_mapped.gtf.log
    jobid: 6
    reason: Missing output files: /data/gpfs/projects/punim0586/nshukla/thylacine_canid_convergence_reanalysis/output/compiled_wflow_test/chr19_phastCons60way_ThyCyn2.0_mapped.gtf, /data/gpfs/projects/punim0586/nshukla/thylacine_canid_convergence_reanalysis/output/compiled_wflow_test/chr19_phastCons60way_ThyCyn2.0_unmapped.txt; Input files updated by another job: /data/gpfs/projects/punim0586/nshukla/thylacine_canid_convergence_reanalysis/output/compiled_wflow_test/chr19_phastCons60way_sarHar1_liftover_edited.gtf
    wildcards: path=/data/gpfs/projects/punim0586/nshukla/thylacine_canid_convergence_reanalysis/output/compiled_wflow_test, target_species=ThyCyn2.0, chr=chr19
    resources: tmpdir=/tmp

[Wed Jul  2 15:46:06 2025]
Finished job 6.
4 of 13 steps (31%) done
Select jobs to execute...

[Wed Jul  2 15:46:06 2025]
rule get_unmapped:
    input: /data/gpfs/projects/punim0586/nshukla/thylacine_canid_convergence_reanalysis/output/compiled_wflow_test/chr19_phastCons60way_ThyCyn2.0_unmapped.txt
    output: /data/gpfs/projects/punim0586/nshukla/thylacine_canid_convergence_reanalysis/output/compiled_wflow_test/chr19_phastCons60way_sarHar1_liftover_ThyCyn2.0_unmapped_edited.txt
    log: /data/gpfs/projects/punim0586/nshukla/thylacine_canid_convergence_reanalysis/output/compiled_wflow_test/logfiles/chr19_phastCons60way_sarHar1_ThyCyn2.0_unmapped.log
    jobid: 12
    reason: Missing output files: /data/gpfs/projects/punim0586/nshukla/thylacine_canid_convergence_reanalysis/output/compiled_wflow_test/chr19_phastCons60way_sarHar1_liftover_ThyCyn2.0_unmapped_edited.txt; Input files updated by another job: /data/gpfs/projects/punim0586/nshukla/thylacine_canid_convergence_reanalysis/output/compiled_wflow_test/chr19_phastCons60way_ThyCyn2.0_unmapped.txt
    wildcards: path=/data/gpfs/projects/punim0586/nshukla/thylacine_canid_convergence_reanalysis/output/compiled_wflow_test, target_species=ThyCyn2.0, chr=chr19
    resources: tmpdir=/tmp

[Wed Jul  2 15:46:07 2025]
Finished job 12.
5 of 13 steps (38%) done
Select jobs to execute...

[Wed Jul  2 15:46:07 2025]
rule format_unmapped:
    input: /data/gpfs/projects/punim0586/nshukla/thylacine_canid_convergence_reanalysis/output/compiled_wflow_test/chr19_phastCons60way_sarHar1_liftover_ThyCyn2.0_unmapped_edited.txt, /data/gpfs/projects/punim0586/nshukla/thylacine_canid_convergence_reanalysis/output/compiled_wflow_test/chr19_phastCons60way_sarHar1_liftover_edited.gtf
    output: /data/gpfs/projects/punim0586/nshukla/thylacine_canid_convergence_reanalysis/output/compiled_wflow_test/chr19_phastCons60way_sarHar1_liftover_ThyCyn2.0_unmapped.gtf
    log: /data/gpfs/projects/punim0586/nshukla/thylacine_canid_convergence_reanalysis/output/compiled_wflow_test/logfiles/chr19_phastCons60way_sarHar1_ThyCyn2.0_unmapped_format.log
    jobid: 11
    reason: Missing output files: /data/gpfs/projects/punim0586/nshukla/thylacine_canid_convergence_reanalysis/output/compiled_wflow_test/chr19_phastCons60way_sarHar1_liftover_ThyCyn2.0_unmapped.gtf; Input files updated by another job: /data/gpfs/projects/punim0586/nshukla/thylacine_canid_convergence_reanalysis/output/compiled_wflow_test/chr19_phastCons60way_sarHar1_liftover_edited.gtf, /data/gpfs/projects/punim0586/nshukla/thylacine_canid_convergence_reanalysis/output/compiled_wflow_test/chr19_phastCons60way_sarHar1_liftover_ThyCyn2.0_unmapped_edited.txt
    wildcards: path=/data/gpfs/projects/punim0586/nshukla/thylacine_canid_convergence_reanalysis/output/compiled_wflow_test, target_species=ThyCyn2.0, chr=chr19
    resources: tmpdir=/tmp

[Wed Jul  2 15:46:07 2025]
Finished job 11.
6 of 13 steps (46%) done
Select jobs to execute...

[Wed Jul  2 15:46:07 2025]
rule remap:
    input: /data/gpfs/projects/punim0586/nshukla/thylacine_canid_convergence_reanalysis/output/compiled_wflow_test/chr19_phastCons60way_sarHar1_liftover_ThyCyn2.0_unmapped.gtf, /data/gpfs/projects/punim0586/nshukla/thylacine_canid_convergence_reanalysis/data/features2.txt, /data/gpfs/projects/punim0586/nshukla/thylacine_canid_convergence_reanalysis/data/genomes/sarHar1/sarHar1.fa, /data/gpfs/projects/punim0586/nshukla/thylacine_canid_convergence_reanalysis/data/genomes/ThyCyn2.0_hybrid_assembly/UniMelb_ThyCyn2_0_hybrid_assembly.fsa
    output: /data/gpfs/projects/punim0586/nshukla/thylacine_canid_convergence_reanalysis/output/compiled_wflow_test/chr19_phastCons60way_ThyCyn2.0_remapped.gtf, /data/gpfs/projects/punim0586/nshukla/thylacine_canid_convergence_reanalysis/output/compiled_wflow_test/chr19_phastCons60way_ThyCyn2.0_remapfail.txt
    log: /data/gpfs/projects/punim0586/nshukla/thylacine_canid_convergence_reanalysis/output/compiled_wflow_test/logfiles/chr19_phastCons60way_ThyCyn2.0_remapped.gtf.log
    jobid: 10
    reason: Missing output files: /data/gpfs/projects/punim0586/nshukla/thylacine_canid_convergence_reanalysis/output/compiled_wflow_test/chr19_phastCons60way_ThyCyn2.0_remapped.gtf; Input files updated by another job: /data/gpfs/projects/punim0586/nshukla/thylacine_canid_convergence_reanalysis/output/compiled_wflow_test/chr19_phastCons60way_sarHar1_liftover_ThyCyn2.0_unmapped.gtf
    wildcards: path=/data/gpfs/projects/punim0586/nshukla/thylacine_canid_convergence_reanalysis/output/compiled_wflow_test, target_species=ThyCyn2.0, chr=chr19
    resources: tmpdir=/tmp

[Wed Jul  2 15:46:26 2025]
Finished job 10.
7 of 13 steps (54%) done
Select jobs to execute...

[Wed Jul  2 15:46:26 2025]
rule combine_mapped:
    input: /data/gpfs/projects/punim0586/nshukla/thylacine_canid_convergence_reanalysis/output/compiled_wflow_test/chr19_phastCons60way_ThyCyn2.0_mapped.gtf, /data/gpfs/projects/punim0586/nshukla/thylacine_canid_convergence_reanalysis/output/compiled_wflow_test/chr19_phastCons60way_ThyCyn2.0_remapped.gtf
    output: /data/gpfs/projects/punim0586/nshukla/thylacine_canid_convergence_reanalysis/output/compiled_wflow_test/chr19_phastCons60way_ThyCyn2.0_combined.gtf
    log: /data/gpfs/projects/punim0586/nshukla/thylacine_canid_convergence_reanalysis/output/compiled_wflow_test/logfiles/chr19_phastCons60way_liftoff_ThyCyn2.0.mapped.bed.log
    jobid: 5
    reason: Missing output files: /data/gpfs/projects/punim0586/nshukla/thylacine_canid_convergence_reanalysis/output/compiled_wflow_test/chr19_phastCons60way_ThyCyn2.0_combined.gtf; Input files updated by another job: /data/gpfs/projects/punim0586/nshukla/thylacine_canid_convergence_reanalysis/output/compiled_wflow_test/chr19_phastCons60way_ThyCyn2.0_mapped.gtf, /data/gpfs/projects/punim0586/nshukla/thylacine_canid_convergence_reanalysis/output/compiled_wflow_test/chr19_phastCons60way_ThyCyn2.0_remapped.gtf
    wildcards: path=/data/gpfs/projects/punim0586/nshukla/thylacine_canid_convergence_reanalysis/output/compiled_wflow_test, target_species=ThyCyn2.0, chr=chr19
    resources: tmpdir=/tmp

[Wed Jul  2 15:46:26 2025]
Finished job 5.
8 of 13 steps (62%) done
Select jobs to execute...

[Wed Jul  2 15:46:26 2025]
rule gtf2bed:
    input: /data/gpfs/projects/punim0586/nshukla/thylacine_canid_convergence_reanalysis/output/compiled_wflow_test/chr19_phastCons60way_ThyCyn2.0_combined.gtf
    output: /data/gpfs/projects/punim0586/nshukla/thylacine_canid_convergence_reanalysis/output/compiled_wflow_test/chr19_phastCons60way_liftoff_ThyCyn2.0_mapped.bed
    log: /data/gpfs/projects/punim0586/nshukla/thylacine_canid_convergence_reanalysis/output/compiled_wflow_test/logfiles/chr19_phastCons60way_liftoff_ThyCyn2.0.mapped.bed.log
    jobid: 4
    reason: Missing output files: /data/gpfs/projects/punim0586/nshukla/thylacine_canid_convergence_reanalysis/output/compiled_wflow_test/chr19_phastCons60way_liftoff_ThyCyn2.0_mapped.bed; Input files updated by another job: /data/gpfs/projects/punim0586/nshukla/thylacine_canid_convergence_reanalysis/output/compiled_wflow_test/chr19_phastCons60way_ThyCyn2.0_combined.gtf
    wildcards: path=/data/gpfs/projects/punim0586/nshukla/thylacine_canid_convergence_reanalysis/output/compiled_wflow_test, target_species=ThyCyn2.0, chr=chr19
    resources: tmpdir=/tmp

[Wed Jul  2 15:46:27 2025]
Finished job 4.
9 of 13 steps (69%) done
Select jobs to execute...

[Wed Jul  2 15:46:27 2025]
rule clean_bedfile:
    input: /data/gpfs/projects/punim0586/nshukla/thylacine_canid_convergence_reanalysis/output/compiled_wflow_test/chr19_phastCons60way_liftoff_ThyCyn2.0_mapped.bed
    output: /data/gpfs/projects/punim0586/nshukla/thylacine_canid_convergence_reanalysis/output/compiled_wflow_test/chr19_phastCons60way_liftoff_ThyCyn2.0_mapped_cleaned.bed
    log: /data/gpfs/projects/punim0586/nshukla/thylacine_canid_convergence_reanalysis/output/compiled_wflow_test/logfiles/chr19_phastCons60way_liftoff_ThyCyn2.0.mapped.bed.log
    jobid: 3
    reason: Missing output files: /data/gpfs/projects/punim0586/nshukla/thylacine_canid_convergence_reanalysis/output/compiled_wflow_test/chr19_phastCons60way_liftoff_ThyCyn2.0_mapped_cleaned.bed; Input files updated by another job: /data/gpfs/projects/punim0586/nshukla/thylacine_canid_convergence_reanalysis/output/compiled_wflow_test/chr19_phastCons60way_liftoff_ThyCyn2.0_mapped.bed
    wildcards: path=/data/gpfs/projects/punim0586/nshukla/thylacine_canid_convergence_reanalysis/output/compiled_wflow_test, target_species=ThyCyn2.0, chr=chr19
    resources: tmpdir=/tmp

[Wed Jul  2 15:46:29 2025]
Finished job 3.
10 of 13 steps (77%) done
Select jobs to execute...

[Wed Jul  2 15:46:29 2025]
rule get_fasta:
    input: /data/gpfs/projects/punim0586/nshukla/thylacine_canid_convergence_reanalysis/output/compiled_wflow_test/chr19_phastCons60way_liftoff_ThyCyn2.0_mapped_cleaned.bed, /data/gpfs/projects/punim0586/nshukla/thylacine_canid_convergence_reanalysis/data/genomes/ThyCyn2.0_hybrid_assembly/UniMelb_ThyCyn2_0_hybrid_assembly.fsa, /data/gpfs/projects/punim0586/nshukla/thylacine_canid_convergence_reanalysis/data/genomes/ThyCyn2.0_hybrid_assembly/UniMelb_ThyCyn2_0_hybrid_assembly.fsa.fai
    output: /data/gpfs/projects/punim0586/nshukla/thylacine_canid_convergence_reanalysis/output/compiled_wflow_test/chr19_phastCons60way_liftoff_ThyCyn2.0_mapped_cleaned.fa
    log: /data/gpfs/projects/punim0586/nshukla/thylacine_canid_convergence_reanalysis/output/compiled_wflow_test/logfiles/chr19_phastCons60way_liftoff_ThyCyn2.0_mapped_cleaned_filtered.fa
    jobid: 2
    reason: Missing output files: /data/gpfs/projects/punim0586/nshukla/thylacine_canid_convergence_reanalysis/output/compiled_wflow_test/chr19_phastCons60way_liftoff_ThyCyn2.0_mapped_cleaned.fa; Input files updated by another job: /data/gpfs/projects/punim0586/nshukla/thylacine_canid_convergence_reanalysis/output/compiled_wflow_test/chr19_phastCons60way_liftoff_ThyCyn2.0_mapped_cleaned.bed
    wildcards: path=/data/gpfs/projects/punim0586/nshukla/thylacine_canid_convergence_reanalysis/output/compiled_wflow_test, target_species=ThyCyn2.0, chr=chr19
    resources: tmpdir=/tmp

[Wed Jul  2 15:46:37 2025]
Finished job 2.
11 of 13 steps (85%) done
Select jobs to execute...

[Wed Jul  2 15:46:37 2025]
rule split_fasta:
    input: /data/gpfs/projects/punim0586/nshukla/thylacine_canid_convergence_reanalysis/output/compiled_wflow_test/chr19_phastCons60way_liftoff_ThyCyn2.0_mapped_cleaned.fa, /data/gpfs/projects/punim0586/nshukla/thylacine_canid_convergence_reanalysis/output/compiled_wflow_test/ThyCyn2.0
    output: /data/gpfs/projects/punim0586/nshukla/thylacine_canid_convergence_reanalysis/output/compiled_wflow_test/ThyCyn2.0/chr19_ThyCyn2.0_list.txt
    log: /data/gpfs/projects/punim0586/nshukla/thylacine_canid_convergence_reanalysis/output/compiled_wflow_test/logfiles/chr19_ThyCyn2.0_faSplit.log
    jobid: 1
    reason: Missing output files: /data/gpfs/projects/punim0586/nshukla/thylacine_canid_convergence_reanalysis/output/compiled_wflow_test/ThyCyn2.0/chr19_ThyCyn2.0_list.txt; Input files updated by another job: /data/gpfs/projects/punim0586/nshukla/thylacine_canid_convergence_reanalysis/output/compiled_wflow_test/chr19_phastCons60way_liftoff_ThyCyn2.0_mapped_cleaned.fa
    wildcards: path=/data/gpfs/projects/punim0586/nshukla/thylacine_canid_convergence_reanalysis/output/compiled_wflow_test, target_species=ThyCyn2.0, chr=chr19
    resources: tmpdir=/tmp

[Wed Jul  2 15:46:40 2025]
Finished job 1.
12 of 13 steps (92%) done
Select jobs to execute...

[Wed Jul  2 15:46:40 2025]
rule finish:
    input: /data/gpfs/projects/punim0586/nshukla/thylacine_canid_convergence_reanalysis/output/compiled_wflow_test/ThyCyn2.0/chr19_ThyCyn2.0_list.txt
    output: ../../output/compiled_wflow_test/sarHar1_workflow_summary.txt, ../../output/compiled_wflow_test/sarHar1_regions_list.txt
    jobid: 0
    reason: Missing output files: ../../output/compiled_wflow_test/sarHar1_workflow_summary.txt; Input files updated by another job: /data/gpfs/projects/punim0586/nshukla/thylacine_canid_convergence_reanalysis/output/compiled_wflow_test/ThyCyn2.0/chr19_ThyCyn2.0_list.txt
    wildcards: path=../../output/compiled_wflow_test, target_species=sarHar1
    resources: tmpdir=/tmp

[Wed Jul  2 15:46:41 2025]
Error in rule finish:
    jobid: 0
    input: /data/gpfs/projects/punim0586/nshukla/thylacine_canid_convergence_reanalysis/output/compiled_wflow_test/ThyCyn2.0/chr19_ThyCyn2.0_list.txt
    output: ../../output/compiled_wflow_test/sarHar1_workflow_summary.txt, ../../output/compiled_wflow_test/sarHar1_regions_list.txt
    shell:
        
    Rscript summary.R /data/gpfs/projects/punim0586/nshukla/thylacine_canid_convergence_reanalysis/output/compiled_wflow_test/ThyCyn2.0/chr19_ThyCyn2.0_list.txt ../../output/compiled_wflow_test/sarHar1_workflow_summary.txt ../../output/compiled_wflow_test/sarHar1_regions_list.txt
    
        (one of the commands exited with non-zero exit code; note that snakemake uses bash strict mode!)

Shutting down, this might take some time.
Exiting because a job execution failed. Look above for error message
Complete log: .snakemake/log/2025-07-02T154507.801204.snakemake.log
