Building DAG of jobs...
Using shell: /usr/bin/bash
Provided cores: 1 (use --cores to define parallelism)
Rules claiming more threads will be scaled down.
Job stats:
job            count
-----------  -------
split_fasta        1
total              1

Select jobs to execute...

[Tue May  6 16:36:45 2025]
rule split_fasta:
    input: ../../output/compiled_wflow_test/chr19_phastCons60way_liftoff_ThyCyn2.0_mapped_cleaned_slop.fa, ../../output/compiled_wflow_test/ThyCyn2.0
    output: ../../output/compiled_wflow_test/ThyCyn2.0/chr19_ThyCyn2.0_list.txt
    log: ../../output/compiled_wflow_test/logfiles/chr19_ThyCyn2.0_faSplit.log
    jobid: 0
    reason: Forced execution
    wildcards: path=../../output/compiled_wflow_test, target_species=ThyCyn2.0, chr=chr19
    resources: tmpdir=/tmp

Terminating processes on user request, this might take some time.
[Tue May  6 16:36:47 2025]
Error in rule split_fasta:
    jobid: 0
    input: ../../output/compiled_wflow_test/chr19_phastCons60way_liftoff_ThyCyn2.0_mapped_cleaned_slop.fa, ../../output/compiled_wflow_test/ThyCyn2.0
    output: ../../output/compiled_wflow_test/ThyCyn2.0/chr19_ThyCyn2.0_list.txt
    log: ../../output/compiled_wflow_test/logfiles/chr19_ThyCyn2.0_faSplit.log (check log file(s) for error details)
    shell:
        
    faSplit byname ../../output/compiled_wflow_test/chr19_phastCons60way_liftoff_ThyCyn2.0_mapped_cleaned_slop.fa ../../output/compiled_wflow_test/ThyCyn2.0/
    ls ../../output/compiled_wflow_test/ThyCyn2.0/*.fa | awk -F '/' '{print $11}'  > ../../output/compiled_wflow_test/ThyCyn2.0/chr19_ThyCyn2.0_list.txt
    
        (one of the commands exited with non-zero exit code; note that snakemake uses bash strict mode!)

Complete log: .snakemake/log/2025-05-06T163642.210141.snakemake.log
