Building DAG of jobs...
Using shell: /usr/bin/bash
Provided cores: 1 (use --cores to define parallelism)
Rules claiming more threads will be scaled down.
Job stats:
job       count
------  -------
finish        1
total         1

Select jobs to execute...

[Sun Feb  1 17:24:40 2026]
rule finish:
    input: output/ThyCyn2.0/chr19_sarHar1_ThyCyn2.0_list.txt, output/mSarHar1.11/chr19_sarHar1_mSarHar1.11_list.txt, output/AStuM/chr19_sarHar1_AStuM_list.txt, output/DasVivv1.0/chr19_sarHar1_DasVivv1.0_list.txt, output/mMyrFas1/chr19_sarHar1_mMyrFas1_list.txt, output/mDroGli1/chr19_sarHar1_mDroGli1_list.txt
    output: output/sarHar1_workflow_summary.txt, output/sarHar1_regions_list.txt
    log: output/logfiles/sarHar1_finish.log
    jobid: 0
    reason: Missing output files: output/sarHar1_workflow_summary.txt
    wildcards: path=output, query=sarHar1
    resources: tmpdir=/tmp

[Sun Feb  1 17:24:41 2026]
Error in rule finish:
    jobid: 0
    input: output/ThyCyn2.0/chr19_sarHar1_ThyCyn2.0_list.txt, output/mSarHar1.11/chr19_sarHar1_mSarHar1.11_list.txt, output/AStuM/chr19_sarHar1_AStuM_list.txt, output/DasVivv1.0/chr19_sarHar1_DasVivv1.0_list.txt, output/mMyrFas1/chr19_sarHar1_mMyrFas1_list.txt, output/mDroGli1/chr19_sarHar1_mDroGli1_list.txt
    output: output/sarHar1_workflow_summary.txt, output/sarHar1_regions_list.txt
    log: output/logfiles/sarHar1_finish.log (check log file(s) for error details)
    shell:
        
    Rscript scripts/summary.R output/ThyCyn2.0/chr19_sarHar1_ThyCyn2.0_list.txt output/mSarHar1.11/chr19_sarHar1_mSarHar1.11_list.txt output/AStuM/chr19_sarHar1_AStuM_list.txt output/DasVivv1.0/chr19_sarHar1_DasVivv1.0_list.txt output/mMyrFas1/chr19_sarHar1_mMyrFas1_list.txt output/mDroGli1/chr19_sarHar1_mDroGli1_list.txt output/sarHar1_workflow_summary.txt output/sarHar1_regions_list.txt 2> output/logfiles/sarHar1_finish.log
    
        (one of the commands exited with non-zero exit code; note that snakemake uses bash strict mode!)

Shutting down, this might take some time.
Exiting because a job execution failed. Look above for error message
Complete log: .snakemake/log/2026-02-01T172439.438795.snakemake.log
