Building DAG of jobs...
Using shell: /usr/bin/bash
Provided cores: 1 (use --cores to define parallelism)
Rules claiming more threads will be scaled down.
Provided resources: exclusive=1
Job stats:
job       count
------  -------
finish        1
total         1

Select jobs to execute...

[Sun Feb  8 13:37:34 2026]
rule finish:
    input: output/BosGru3.1/chr19_bosTau7_BosGru3.1_list.txt
    output: output/bosTau7_workflow_summary.txt, output/bosTau7_regions_list.txt
    log: output/logfiles/bosTau7_finish.log
    jobid: 0
    reason: Missing output files: output/bosTau7_workflow_summary.txt
    wildcards: path=output, query=bosTau7
    resources: tmpdir=/tmp

[Sun Feb  8 13:37:35 2026]
Error in rule finish:
    jobid: 0
    input: output/BosGru3.1/chr19_bosTau7_BosGru3.1_list.txt
    output: output/bosTau7_workflow_summary.txt, output/bosTau7_regions_list.txt
    log: output/logfiles/bosTau7_finish.log (check log file(s) for error details)
    shell:
        
    Rscript scripts/summary.R output/BosGru3.1/chr19_bosTau7_BosGru3.1_list.txt output/bosTau7_workflow_summary.txt output/bosTau7_regions_list.txt 2> output/logfiles/bosTau7_finish.log
    
        (one of the commands exited with non-zero exit code; note that snakemake uses bash strict mode!)

Shutting down, this might take some time.
Exiting because a job execution failed. Look above for error message
Complete log: .snakemake/log/2026-02-08T133731.039023.snakemake.log
