Building DAG of jobs...
Using shell: /usr/bin/bash
Provided cores: 2
Rules claiming more threads will be scaled down.
Job stats:
job                count
---------------  -------
clean_bedfile          6
combine_mapped         6
finish                 1
format_unmapped        6
get_fasta              6
get_unmapped           6
gtf2bed                6
liftoff                6
remap                  6
split_fasta            6
total                 55

Select jobs to execute...

[Sun Feb  1 17:14:20 2026]
rule liftoff:
    input: output/chr19_phastCons60way_sarHar1_liftover_edited.gtf, data/features2.txt, data/genomes/sarHar1/sarHar1.fa, data/genomes/mSarHar1.11/Sarcophilus_harrisii.mSarHar1.11.dna.toplevel.fna, output/liftoff_intermediate
    output: output/chr19_phastCons60way_sarHar1_mSarHar1.11_mapped.gtf, output/chr19_phastCons60way_sarHar1_mSarHar1.11_unmapped.txt
    log: output/logfiles/chr19_phastCons60way_sarHar1_mSarHar1.11_mapped.gtf.log
    jobid: 18
    reason: Missing output files: output/chr19_phastCons60way_sarHar1_mSarHar1.11_unmapped.txt, output/chr19_phastCons60way_sarHar1_mSarHar1.11_mapped.gtf
    wildcards: path=output, target_species=mSarHar1.11, chr=chr19, query=sarHar1
    resources: tmpdir=/tmp


[Sun Feb  1 17:14:20 2026]
rule liftoff:
    input: output/chr19_phastCons60way_sarHar1_liftover_edited.gtf, data/features2.txt, data/genomes/sarHar1/sarHar1.fa, data/genomes/mDroGli1/GCF_019393635.1_mDroGli1.pri_genomic.fna, output/liftoff_intermediate
    output: output/chr19_phastCons60way_sarHar1_mDroGli1_mapped.gtf, output/chr19_phastCons60way_sarHar1_mDroGli1_unmapped.txt
    log: output/logfiles/chr19_phastCons60way_sarHar1_mDroGli1_mapped.gtf.log
    jobid: 54
    reason: Missing output files: output/chr19_phastCons60way_sarHar1_mDroGli1_mapped.gtf, output/chr19_phastCons60way_sarHar1_mDroGli1_unmapped.txt
    wildcards: path=output, target_species=mDroGli1, chr=chr19, query=sarHar1
    resources: tmpdir=/tmp

[Sun Feb  1 17:14:35 2026]
Error in rule liftoff:
    jobid: 54
    input: output/chr19_phastCons60way_sarHar1_liftover_edited.gtf, data/features2.txt, data/genomes/sarHar1/sarHar1.fa, data/genomes/mDroGli1/GCF_019393635.1_mDroGli1.pri_genomic.fna, output/liftoff_intermediate
    output: output/chr19_phastCons60way_sarHar1_mDroGli1_mapped.gtf, output/chr19_phastCons60way_sarHar1_mDroGli1_unmapped.txt
    log: output/logfiles/chr19_phastCons60way_sarHar1_mDroGli1_mapped.gtf.log (check log file(s) for error details)
    shell:
        
    liftoff -g output/chr19_phastCons60way_sarHar1_liftover_edited.gtf -f data/features2.txt -exclude_partial -dir output/liftoff_intermediate  -flank 0 data/genomes/mDroGli1/GCF_019393635.1_mDroGli1.pri_genomic.fna data/genomes/sarHar1/sarHar1.fa -o output/chr19_phastCons60way_sarHar1_mDroGli1_mapped.gtf -u output/chr19_phastCons60way_sarHar1_mDroGli1_unmapped.txt  2> output/logfiles/chr19_phastCons60way_sarHar1_mDroGli1_mapped.gtf.log
    
        (one of the commands exited with non-zero exit code; note that snakemake uses bash strict mode!)

[Sun Feb  1 17:14:41 2026]
Finished job 18.
1 of 55 steps (2%) done
Shutting down, this might take some time.
Exiting because a job execution failed. Look above for error message
Complete log: .snakemake/log/2026-02-01T171419.119801.snakemake.log
