Building DAG of jobs...
Using shell: /usr/bin/bash
Provided cores: 1 (use --cores to define parallelism)
Rules claiming more threads will be scaled down.
Job stats:
job                count
---------------  -------
clean_bedfile          6
combine_mapped         5
finish                 1
format_unmapped        4
get_fasta              6
get_unmapped           2
gtf2bed                5
liftoff                1
remap                  5
split_fasta            6
total                 41

Select jobs to execute...

[Sun Feb  1 17:17:04 2026]
rule get_unmapped:
    input: output/chr19_phastCons60way_sarHar1_DasVivv1.0_unmapped.txt
    output: output/chr19_phastCons60way_sarHar1_DasVivv1.0_unmapped_edited.txt
    log: output/logfiles/chr19_phastCons60way_sarHar1_DasVivv1.0_unmapped.log
    jobid: 39
    reason: Missing output files: output/chr19_phastCons60way_sarHar1_DasVivv1.0_unmapped_edited.txt
    wildcards: path=output, target_species=DasVivv1.0, chr=chr19, query=sarHar1
    resources: tmpdir=/tmp

[Sun Feb  1 17:17:04 2026]
Finished job 39.
1 of 41 steps (2%) done
Select jobs to execute...

[Sun Feb  1 17:17:04 2026]
rule format_unmapped:
    input: output/chr19_phastCons60way_sarHar1_ThyCyn2.0_unmapped_edited.txt, output/chr19_phastCons60way_sarHar1_liftover_edited.gtf
    output: output/chr19_phastCons60way_sarHar1_ThyCyn2.0_unmapped.gtf
    log: output/logfiles/chr19_phastCons60way_sarHar1_ThyCyn2.0_unmapped_format.log
    jobid: 11
    reason: Missing output files: output/chr19_phastCons60way_sarHar1_ThyCyn2.0_unmapped.gtf
    wildcards: path=output, target_species=ThyCyn2.0, chr=chr19, query=sarHar1
    resources: tmpdir=/tmp

[Sun Feb  1 17:17:05 2026]
Finished job 11.
2 of 41 steps (5%) done
Select jobs to execute...

[Sun Feb  1 17:17:05 2026]
rule liftoff:
    input: output/chr19_phastCons60way_sarHar1_liftover_edited.gtf, data/features2.txt, data/genomes/sarHar1/sarHar1.fa, data/genomes/mDroGli1/GCF_019393635.1_mDroGli1.pri_genomic.fna, output/liftoff_intermediate
    output: output/chr19_phastCons60way_sarHar1_mDroGli1_mapped.gtf, output/chr19_phastCons60way_sarHar1_mDroGli1_unmapped.txt
    log: output/logfiles/chr19_phastCons60way_sarHar1_mDroGli1_mapped.gtf.log
    jobid: 54
    reason: Missing output files: output/chr19_phastCons60way_sarHar1_mDroGli1_unmapped.txt, output/chr19_phastCons60way_sarHar1_mDroGli1_mapped.gtf
    wildcards: path=output, target_species=mDroGli1, chr=chr19, query=sarHar1
    resources: tmpdir=/tmp

[Sun Feb  1 17:17:24 2026]
Finished job 54.
3 of 41 steps (7%) done
Select jobs to execute...

[Sun Feb  1 17:17:24 2026]
rule format_unmapped:
    input: output/chr19_phastCons60way_sarHar1_mSarHar1.11_unmapped_edited.txt, output/chr19_phastCons60way_sarHar1_liftover_edited.gtf
    output: output/chr19_phastCons60way_sarHar1_mSarHar1.11_unmapped.gtf
    log: output/logfiles/chr19_phastCons60way_sarHar1_mSarHar1.11_unmapped_format.log
    jobid: 20
    reason: Missing output files: output/chr19_phastCons60way_sarHar1_mSarHar1.11_unmapped.gtf
    wildcards: path=output, target_species=mSarHar1.11, chr=chr19, query=sarHar1
    resources: tmpdir=/tmp

[Sun Feb  1 17:17:24 2026]
Finished job 20.
4 of 41 steps (10%) done
Select jobs to execute...

[Sun Feb  1 17:17:24 2026]
rule clean_bedfile:
    input: output/chr19_phastCons60way_liftoff_sarHar1_mMyrFas1_mapped.bed
    output: output/chr19_phastCons60way_liftoff_sarHar1_mMyrFas1_mapped_cleaned.bed
    log: output/logfiles/chr19_phastCons60way_liftoff_sarHar1_mMyrFas1.mapped.bed.log
    jobid: 42
    reason: Missing output files: output/chr19_phastCons60way_liftoff_sarHar1_mMyrFas1_mapped_cleaned.bed
    wildcards: path=output, target_species=mMyrFas1, chr=chr19, query=sarHar1
    resources: tmpdir=/tmp

[Sun Feb  1 17:17:26 2026]
Finished job 42.
5 of 41 steps (12%) done
Select jobs to execute...

[Sun Feb  1 17:17:26 2026]
rule get_fasta:
    input: output/chr19_phastCons60way_liftoff_sarHar1_mMyrFas1_mapped_cleaned.bed, data/genomes/mMyrFas1/GCA_023553655.1_mMyrfas1.20211206_genomic.fna, data/genomes/mMyrFas1/GCA_023553655.1_mMyrfas1.20211206_genomic.fna.fai
    output: output/chr19_phastCons60way_liftoff_sarHar1_mMyrFas1_mapped_cleaned.fa
    log: output/logfiles/chr19_phastCons60way_liftoff_sarHar1_mMyrFas1_mapped_cleaned_filtered.fa
    jobid: 41
    reason: Missing output files: output/chr19_phastCons60way_liftoff_sarHar1_mMyrFas1_mapped_cleaned.fa; Input files updated by another job: output/chr19_phastCons60way_liftoff_sarHar1_mMyrFas1_mapped_cleaned.bed
    wildcards: path=output, target_species=mMyrFas1, chr=chr19, query=sarHar1
    resources: tmpdir=/tmp

[Sun Feb  1 17:17:29 2026]
Finished job 41.
6 of 41 steps (15%) done
Select jobs to execute...

[Sun Feb  1 17:17:29 2026]
rule get_unmapped:
    input: output/chr19_phastCons60way_sarHar1_mDroGli1_unmapped.txt
    output: output/chr19_phastCons60way_sarHar1_mDroGli1_unmapped_edited.txt
    log: output/logfiles/chr19_phastCons60way_sarHar1_mDroGli1_unmapped.log
    jobid: 57
    reason: Missing output files: output/chr19_phastCons60way_sarHar1_mDroGli1_unmapped_edited.txt; Input files updated by another job: output/chr19_phastCons60way_sarHar1_mDroGli1_unmapped.txt
    wildcards: path=output, target_species=mDroGli1, chr=chr19, query=sarHar1
    resources: tmpdir=/tmp

[Sun Feb  1 17:17:29 2026]
Finished job 57.
7 of 41 steps (17%) done
Select jobs to execute...

[Sun Feb  1 17:17:29 2026]
rule format_unmapped:
    input: output/chr19_phastCons60way_sarHar1_mDroGli1_unmapped_edited.txt, output/chr19_phastCons60way_sarHar1_liftover_edited.gtf
    output: output/chr19_phastCons60way_sarHar1_mDroGli1_unmapped.gtf
    log: output/logfiles/chr19_phastCons60way_sarHar1_mDroGli1_unmapped_format.log
    jobid: 56
    reason: Missing output files: output/chr19_phastCons60way_sarHar1_mDroGli1_unmapped.gtf; Input files updated by another job: output/chr19_phastCons60way_sarHar1_mDroGli1_unmapped_edited.txt
    wildcards: path=output, target_species=mDroGli1, chr=chr19, query=sarHar1
    resources: tmpdir=/tmp

[Sun Feb  1 17:17:29 2026]
Finished job 56.
8 of 41 steps (20%) done
Select jobs to execute...

[Sun Feb  1 17:17:29 2026]
rule remap:
    input: output/chr19_phastCons60way_sarHar1_mDroGli1_unmapped.gtf, data/features2.txt, data/genomes/sarHar1/sarHar1.fa, data/genomes/mDroGli1/GCF_019393635.1_mDroGli1.pri_genomic.fna, output/liftoff_intermediate
    output: output/chr19_phastCons60way_sarHar1_mDroGli1_remapped.gtf, output/chr19_phastCons60way_sarHar1_mDroGli1_remapfail.txt
    log: output/logfiles/chr19_phastCons60way_sarHar1_mDroGli1_remapped.gtf.log
    jobid: 55
    reason: Missing output files: output/chr19_phastCons60way_sarHar1_mDroGli1_remapped.gtf; Input files updated by another job: output/chr19_phastCons60way_sarHar1_mDroGli1_unmapped.gtf
    wildcards: path=output, target_species=mDroGli1, chr=chr19, query=sarHar1
    resources: tmpdir=/tmp

[Sun Feb  1 17:17:47 2026]
Finished job 55.
9 of 41 steps (22%) done
Select jobs to execute...

[Sun Feb  1 17:17:47 2026]
rule split_fasta:
    input: output/chr19_phastCons60way_liftoff_sarHar1_mMyrFas1_mapped_cleaned.fa, output/mMyrFas1
    output: output/mMyrFas1/chr19_sarHar1_mMyrFas1_list.txt
    log: output/logfiles/chr19_sarHar1_mMyrFas1_faSplit.log
    jobid: 40
    reason: Missing output files: output/mMyrFas1/chr19_sarHar1_mMyrFas1_list.txt; Input files updated by another job: output/chr19_phastCons60way_liftoff_sarHar1_mMyrFas1_mapped_cleaned.fa
    wildcards: path=output, target_species=mMyrFas1, chr=chr19, query=sarHar1
    resources: tmpdir=/tmp

[Sun Feb  1 17:17:49 2026]
Finished job 40.
10 of 41 steps (24%) done
Select jobs to execute...

[Sun Feb  1 17:17:49 2026]
rule remap:
    input: output/chr19_phastCons60way_sarHar1_ThyCyn2.0_unmapped.gtf, data/features2.txt, data/genomes/sarHar1/sarHar1.fa, data/genomes/ThyCyn2.0_hybrid_assembly/UniMelb_ThyCyn2_0_hybrid_assembly.fsa, output/liftoff_intermediate
    output: output/chr19_phastCons60way_sarHar1_ThyCyn2.0_remapped.gtf, output/chr19_phastCons60way_sarHar1_ThyCyn2.0_remapfail.txt
    log: output/logfiles/chr19_phastCons60way_sarHar1_ThyCyn2.0_remapped.gtf.log
    jobid: 10
    reason: Missing output files: output/chr19_phastCons60way_sarHar1_ThyCyn2.0_remapped.gtf; Input files updated by another job: output/chr19_phastCons60way_sarHar1_ThyCyn2.0_unmapped.gtf
    wildcards: path=output, target_species=ThyCyn2.0, chr=chr19, query=sarHar1
    resources: tmpdir=/tmp

[Sun Feb  1 17:18:06 2026]
Finished job 10.
11 of 41 steps (27%) done
Select jobs to execute...

[Sun Feb  1 17:18:06 2026]
rule combine_mapped:
    input: output/chr19_phastCons60way_sarHar1_ThyCyn2.0_mapped.gtf, output/chr19_phastCons60way_sarHar1_ThyCyn2.0_remapped.gtf
    output: output/chr19_phastCons60way_sarHar1_ThyCyn2.0_combined.gtf
    log: output/logfiles/chr19_phastCons60way_liftoff_sarHar1_ThyCyn2.0.mapped.bed.log
    jobid: 5
    reason: Missing output files: output/chr19_phastCons60way_sarHar1_ThyCyn2.0_combined.gtf; Input files updated by another job: output/chr19_phastCons60way_sarHar1_ThyCyn2.0_remapped.gtf
    wildcards: path=output, target_species=ThyCyn2.0, chr=chr19, query=sarHar1
    resources: tmpdir=/tmp

[Sun Feb  1 17:18:06 2026]
Finished job 5.
12 of 41 steps (29%) done
Select jobs to execute...

[Sun Feb  1 17:18:06 2026]
rule format_unmapped:
    input: output/chr19_phastCons60way_sarHar1_DasVivv1.0_unmapped_edited.txt, output/chr19_phastCons60way_sarHar1_liftover_edited.gtf
    output: output/chr19_phastCons60way_sarHar1_DasVivv1.0_unmapped.gtf
    log: output/logfiles/chr19_phastCons60way_sarHar1_DasVivv1.0_unmapped_format.log
    jobid: 38
    reason: Missing output files: output/chr19_phastCons60way_sarHar1_DasVivv1.0_unmapped.gtf; Input files updated by another job: output/chr19_phastCons60way_sarHar1_DasVivv1.0_unmapped_edited.txt
    wildcards: path=output, target_species=DasVivv1.0, chr=chr19, query=sarHar1
    resources: tmpdir=/tmp

[Sun Feb  1 17:18:06 2026]
Finished job 38.
13 of 41 steps (32%) done
Select jobs to execute...

[Sun Feb  1 17:18:06 2026]
rule remap:
    input: output/chr19_phastCons60way_sarHar1_DasVivv1.0_unmapped.gtf, data/features2.txt, data/genomes/sarHar1/sarHar1.fa, data/genomes/DasVivv1.0/GCA_020854095.1_UniMelb_DasViv_v1.0_genomic.fna, output/liftoff_intermediate
    output: output/chr19_phastCons60way_sarHar1_DasVivv1.0_remapped.gtf, output/chr19_phastCons60way_sarHar1_DasVivv1.0_remapfail.txt
    log: output/logfiles/chr19_phastCons60way_sarHar1_DasVivv1.0_remapped.gtf.log
    jobid: 37
    reason: Missing output files: output/chr19_phastCons60way_sarHar1_DasVivv1.0_remapped.gtf; Input files updated by another job: output/chr19_phastCons60way_sarHar1_DasVivv1.0_unmapped.gtf
    wildcards: path=output, target_species=DasVivv1.0, chr=chr19, query=sarHar1
    resources: tmpdir=/tmp

[Sun Feb  1 17:18:19 2026]
Finished job 37.
14 of 41 steps (34%) done
Select jobs to execute...

[Sun Feb  1 17:18:19 2026]
rule combine_mapped:
    input: output/chr19_phastCons60way_sarHar1_DasVivv1.0_mapped.gtf, output/chr19_phastCons60way_sarHar1_DasVivv1.0_remapped.gtf
    output: output/chr19_phastCons60way_sarHar1_DasVivv1.0_combined.gtf
    log: output/logfiles/chr19_phastCons60way_liftoff_sarHar1_DasVivv1.0.mapped.bed.log
    jobid: 35
    reason: Missing output files: output/chr19_phastCons60way_sarHar1_DasVivv1.0_combined.gtf; Input files updated by another job: output/chr19_phastCons60way_sarHar1_DasVivv1.0_remapped.gtf
    wildcards: path=output, target_species=DasVivv1.0, chr=chr19, query=sarHar1
    resources: tmpdir=/tmp

[Sun Feb  1 17:18:19 2026]
Finished job 35.
15 of 41 steps (37%) done
Select jobs to execute...

[Sun Feb  1 17:18:19 2026]
rule combine_mapped:
    input: output/chr19_phastCons60way_sarHar1_mDroGli1_mapped.gtf, output/chr19_phastCons60way_sarHar1_mDroGli1_remapped.gtf
    output: output/chr19_phastCons60way_sarHar1_mDroGli1_combined.gtf
    log: output/logfiles/chr19_phastCons60way_liftoff_sarHar1_mDroGli1.mapped.bed.log
    jobid: 53
    reason: Missing output files: output/chr19_phastCons60way_sarHar1_mDroGli1_combined.gtf; Input files updated by another job: output/chr19_phastCons60way_sarHar1_mDroGli1_remapped.gtf, output/chr19_phastCons60way_sarHar1_mDroGli1_mapped.gtf
    wildcards: path=output, target_species=mDroGli1, chr=chr19, query=sarHar1
    resources: tmpdir=/tmp

[Sun Feb  1 17:18:19 2026]
Finished job 53.
16 of 41 steps (39%) done
Select jobs to execute...

[Sun Feb  1 17:18:19 2026]
rule gtf2bed:
    input: output/chr19_phastCons60way_sarHar1_mDroGli1_combined.gtf
    output: output/chr19_phastCons60way_liftoff_sarHar1_mDroGli1_mapped.bed
    log: output/logfiles/chr19_phastCons60way_liftoff_sarHar1_mDroGli1.mapped.bed.log
    jobid: 52
    reason: Missing output files: output/chr19_phastCons60way_liftoff_sarHar1_mDroGli1_mapped.bed; Input files updated by another job: output/chr19_phastCons60way_sarHar1_mDroGli1_combined.gtf
    wildcards: path=output, target_species=mDroGli1, chr=chr19, query=sarHar1
    resources: tmpdir=/tmp

[Sun Feb  1 17:18:19 2026]
Finished job 52.
17 of 41 steps (41%) done
Select jobs to execute...

[Sun Feb  1 17:18:19 2026]
rule clean_bedfile:
    input: output/chr19_phastCons60way_liftoff_sarHar1_mDroGli1_mapped.bed
    output: output/chr19_phastCons60way_liftoff_sarHar1_mDroGli1_mapped_cleaned.bed
    log: output/logfiles/chr19_phastCons60way_liftoff_sarHar1_mDroGli1.mapped.bed.log
    jobid: 51
    reason: Missing output files: output/chr19_phastCons60way_liftoff_sarHar1_mDroGli1_mapped_cleaned.bed; Input files updated by another job: output/chr19_phastCons60way_liftoff_sarHar1_mDroGli1_mapped.bed
    wildcards: path=output, target_species=mDroGli1, chr=chr19, query=sarHar1
    resources: tmpdir=/tmp

[Sun Feb  1 17:18:20 2026]
Finished job 51.
18 of 41 steps (44%) done
Select jobs to execute...

[Sun Feb  1 17:18:20 2026]
rule get_fasta:
    input: output/chr19_phastCons60way_liftoff_sarHar1_mDroGli1_mapped_cleaned.bed, data/genomes/mDroGli1/GCF_019393635.1_mDroGli1.pri_genomic.fna, data/genomes/mDroGli1/GCF_019393635.1_mDroGli1.pri_genomic.fna.fai
    output: output/chr19_phastCons60way_liftoff_sarHar1_mDroGli1_mapped_cleaned.fa
    log: output/logfiles/chr19_phastCons60way_liftoff_sarHar1_mDroGli1_mapped_cleaned_filtered.fa
    jobid: 50
    reason: Missing output files: output/chr19_phastCons60way_liftoff_sarHar1_mDroGli1_mapped_cleaned.fa; Input files updated by another job: output/chr19_phastCons60way_liftoff_sarHar1_mDroGli1_mapped_cleaned.bed
    wildcards: path=output, target_species=mDroGli1, chr=chr19, query=sarHar1
    resources: tmpdir=/tmp

[Sun Feb  1 17:18:23 2026]
Finished job 50.
19 of 41 steps (46%) done
Select jobs to execute...

[Sun Feb  1 17:18:23 2026]
rule remap:
    input: output/chr19_phastCons60way_sarHar1_mSarHar1.11_unmapped.gtf, data/features2.txt, data/genomes/sarHar1/sarHar1.fa, data/genomes/mSarHar1.11/Sarcophilus_harrisii.mSarHar1.11.dna.toplevel.fna, output/liftoff_intermediate
    output: output/chr19_phastCons60way_sarHar1_mSarHar1.11_remapped.gtf, output/chr19_phastCons60way_sarHar1_mSarHar1.11_remapfail.txt
    log: output/logfiles/chr19_phastCons60way_sarHar1_mSarHar1.11_remapped.gtf.log
    jobid: 19
    reason: Missing output files: output/chr19_phastCons60way_sarHar1_mSarHar1.11_remapped.gtf; Input files updated by another job: output/chr19_phastCons60way_sarHar1_mSarHar1.11_unmapped.gtf
    wildcards: path=output, target_species=mSarHar1.11, chr=chr19, query=sarHar1
    resources: tmpdir=/tmp

[Sun Feb  1 17:18:36 2026]
Finished job 19.
20 of 41 steps (49%) done
Select jobs to execute...

[Sun Feb  1 17:18:36 2026]
rule gtf2bed:
    input: output/chr19_phastCons60way_sarHar1_DasVivv1.0_combined.gtf
    output: output/chr19_phastCons60way_liftoff_sarHar1_DasVivv1.0_mapped.bed
    log: output/logfiles/chr19_phastCons60way_liftoff_sarHar1_DasVivv1.0.mapped.bed.log
    jobid: 34
    reason: Missing output files: output/chr19_phastCons60way_liftoff_sarHar1_DasVivv1.0_mapped.bed; Input files updated by another job: output/chr19_phastCons60way_sarHar1_DasVivv1.0_combined.gtf
    wildcards: path=output, target_species=DasVivv1.0, chr=chr19, query=sarHar1
    resources: tmpdir=/tmp

[Sun Feb  1 17:18:36 2026]
Finished job 34.
21 of 41 steps (51%) done
Select jobs to execute...

[Sun Feb  1 17:18:36 2026]
rule clean_bedfile:
    input: output/chr19_phastCons60way_liftoff_sarHar1_DasVivv1.0_mapped.bed
    output: output/chr19_phastCons60way_liftoff_sarHar1_DasVivv1.0_mapped_cleaned.bed
    log: output/logfiles/chr19_phastCons60way_liftoff_sarHar1_DasVivv1.0.mapped.bed.log
    jobid: 33
    reason: Missing output files: output/chr19_phastCons60way_liftoff_sarHar1_DasVivv1.0_mapped_cleaned.bed; Input files updated by another job: output/chr19_phastCons60way_liftoff_sarHar1_DasVivv1.0_mapped.bed
    wildcards: path=output, target_species=DasVivv1.0, chr=chr19, query=sarHar1
    resources: tmpdir=/tmp

[Sun Feb  1 17:18:37 2026]
Finished job 33.
22 of 41 steps (54%) done
Select jobs to execute...

[Sun Feb  1 17:18:37 2026]
rule split_fasta:
    input: output/chr19_phastCons60way_liftoff_sarHar1_mDroGli1_mapped_cleaned.fa, output/mDroGli1
    output: output/mDroGli1/chr19_sarHar1_mDroGli1_list.txt
    log: output/logfiles/chr19_sarHar1_mDroGli1_faSplit.log
    jobid: 49
    reason: Missing output files: output/mDroGli1/chr19_sarHar1_mDroGli1_list.txt; Input files updated by another job: output/chr19_phastCons60way_liftoff_sarHar1_mDroGli1_mapped_cleaned.fa
    wildcards: path=output, target_species=mDroGli1, chr=chr19, query=sarHar1
    resources: tmpdir=/tmp

[Sun Feb  1 17:18:39 2026]
Finished job 49.
23 of 41 steps (56%) done
Select jobs to execute...

[Sun Feb  1 17:18:39 2026]
rule combine_mapped:
    input: output/chr19_phastCons60way_sarHar1_mSarHar1.11_mapped.gtf, output/chr19_phastCons60way_sarHar1_mSarHar1.11_remapped.gtf
    output: output/chr19_phastCons60way_sarHar1_mSarHar1.11_combined.gtf
    log: output/logfiles/chr19_phastCons60way_liftoff_sarHar1_mSarHar1.11.mapped.bed.log
    jobid: 17
    reason: Missing output files: output/chr19_phastCons60way_sarHar1_mSarHar1.11_combined.gtf; Input files updated by another job: output/chr19_phastCons60way_sarHar1_mSarHar1.11_remapped.gtf
    wildcards: path=output, target_species=mSarHar1.11, chr=chr19, query=sarHar1
    resources: tmpdir=/tmp

[Sun Feb  1 17:18:39 2026]
Finished job 17.
24 of 41 steps (59%) done
Select jobs to execute...

[Sun Feb  1 17:18:39 2026]
rule gtf2bed:
    input: output/chr19_phastCons60way_sarHar1_ThyCyn2.0_combined.gtf
    output: output/chr19_phastCons60way_liftoff_sarHar1_ThyCyn2.0_mapped.bed
    log: output/logfiles/chr19_phastCons60way_liftoff_sarHar1_ThyCyn2.0.mapped.bed.log
    jobid: 4
    reason: Missing output files: output/chr19_phastCons60way_liftoff_sarHar1_ThyCyn2.0_mapped.bed; Input files updated by another job: output/chr19_phastCons60way_sarHar1_ThyCyn2.0_combined.gtf
    wildcards: path=output, target_species=ThyCyn2.0, chr=chr19, query=sarHar1
    resources: tmpdir=/tmp

[Sun Feb  1 17:18:40 2026]
Finished job 4.
25 of 41 steps (61%) done
Select jobs to execute...

[Sun Feb  1 17:18:40 2026]
rule get_fasta:
    input: output/chr19_phastCons60way_liftoff_sarHar1_DasVivv1.0_mapped_cleaned.bed, data/genomes/DasVivv1.0/GCA_020854095.1_UniMelb_DasViv_v1.0_genomic.fna, data/genomes/DasVivv1.0/GCA_020854095.1_UniMelb_DasViv_v1.0_genomic.fna.fai
    output: output/chr19_phastCons60way_liftoff_sarHar1_DasVivv1.0_mapped_cleaned.fa
    log: output/logfiles/chr19_phastCons60way_liftoff_sarHar1_DasVivv1.0_mapped_cleaned_filtered.fa
    jobid: 32
    reason: Missing output files: output/chr19_phastCons60way_liftoff_sarHar1_DasVivv1.0_mapped_cleaned.fa; Input files updated by another job: output/chr19_phastCons60way_liftoff_sarHar1_DasVivv1.0_mapped_cleaned.bed
    wildcards: path=output, target_species=DasVivv1.0, chr=chr19, query=sarHar1
    resources: tmpdir=/tmp

[Sun Feb  1 17:18:43 2026]
Finished job 32.
26 of 41 steps (63%) done
Select jobs to execute...

[Sun Feb  1 17:18:43 2026]
rule split_fasta:
    input: output/chr19_phastCons60way_liftoff_sarHar1_DasVivv1.0_mapped_cleaned.fa, output/DasVivv1.0
    output: output/DasVivv1.0/chr19_sarHar1_DasVivv1.0_list.txt
    log: output/logfiles/chr19_sarHar1_DasVivv1.0_faSplit.log
    jobid: 31
    reason: Missing output files: output/DasVivv1.0/chr19_sarHar1_DasVivv1.0_list.txt; Input files updated by another job: output/chr19_phastCons60way_liftoff_sarHar1_DasVivv1.0_mapped_cleaned.fa
    wildcards: path=output, target_species=DasVivv1.0, chr=chr19, query=sarHar1
    resources: tmpdir=/tmp

[Sun Feb  1 17:18:46 2026]
Finished job 31.
27 of 41 steps (66%) done
Select jobs to execute...

[Sun Feb  1 17:18:46 2026]
rule gtf2bed:
    input: output/chr19_phastCons60way_sarHar1_mSarHar1.11_combined.gtf
    output: output/chr19_phastCons60way_liftoff_sarHar1_mSarHar1.11_mapped.bed
    log: output/logfiles/chr19_phastCons60way_liftoff_sarHar1_mSarHar1.11.mapped.bed.log
    jobid: 16
    reason: Missing output files: output/chr19_phastCons60way_liftoff_sarHar1_mSarHar1.11_mapped.bed; Input files updated by another job: output/chr19_phastCons60way_sarHar1_mSarHar1.11_combined.gtf
    wildcards: path=output, target_species=mSarHar1.11, chr=chr19, query=sarHar1
    resources: tmpdir=/tmp

[Sun Feb  1 17:18:46 2026]
Finished job 16.
28 of 41 steps (68%) done
Select jobs to execute...

[Sun Feb  1 17:18:46 2026]
rule clean_bedfile:
    input: output/chr19_phastCons60way_liftoff_sarHar1_mSarHar1.11_mapped.bed
    output: output/chr19_phastCons60way_liftoff_sarHar1_mSarHar1.11_mapped_cleaned.bed
    log: output/logfiles/chr19_phastCons60way_liftoff_sarHar1_mSarHar1.11.mapped.bed.log
    jobid: 15
    reason: Missing output files: output/chr19_phastCons60way_liftoff_sarHar1_mSarHar1.11_mapped_cleaned.bed; Input files updated by another job: output/chr19_phastCons60way_liftoff_sarHar1_mSarHar1.11_mapped.bed
    wildcards: path=output, target_species=mSarHar1.11, chr=chr19, query=sarHar1
    resources: tmpdir=/tmp

[Sun Feb  1 17:18:47 2026]
Finished job 15.
29 of 41 steps (71%) done
Select jobs to execute...

[Sun Feb  1 17:18:47 2026]
rule get_fasta:
    input: output/chr19_phastCons60way_liftoff_sarHar1_mSarHar1.11_mapped_cleaned.bed, data/genomes/mSarHar1.11/Sarcophilus_harrisii.mSarHar1.11.dna.toplevel.fna, data/genomes/mSarHar1.11/Sarcophilus_harrisii.mSarHar1.11.dna.toplevel.fna.fai
    output: output/chr19_phastCons60way_liftoff_sarHar1_mSarHar1.11_mapped_cleaned.fa
    log: output/logfiles/chr19_phastCons60way_liftoff_sarHar1_mSarHar1.11_mapped_cleaned_filtered.fa
    jobid: 14
    reason: Missing output files: output/chr19_phastCons60way_liftoff_sarHar1_mSarHar1.11_mapped_cleaned.fa; Input files updated by another job: output/chr19_phastCons60way_liftoff_sarHar1_mSarHar1.11_mapped_cleaned.bed
    wildcards: path=output, target_species=mSarHar1.11, chr=chr19, query=sarHar1
    resources: tmpdir=/tmp

[Sun Feb  1 17:18:50 2026]
Finished job 14.
30 of 41 steps (73%) done
Select jobs to execute...

[Sun Feb  1 17:18:50 2026]
rule split_fasta:
    input: output/chr19_phastCons60way_liftoff_sarHar1_mSarHar1.11_mapped_cleaned.fa, output/mSarHar1.11
    output: output/mSarHar1.11/chr19_sarHar1_mSarHar1.11_list.txt
    log: output/logfiles/chr19_sarHar1_mSarHar1.11_faSplit.log
    jobid: 13
    reason: Missing output files: output/mSarHar1.11/chr19_sarHar1_mSarHar1.11_list.txt; Input files updated by another job: output/chr19_phastCons60way_liftoff_sarHar1_mSarHar1.11_mapped_cleaned.fa
    wildcards: path=output, target_species=mSarHar1.11, chr=chr19, query=sarHar1
    resources: tmpdir=/tmp

[Sun Feb  1 17:18:59 2026]
Finished job 13.
31 of 41 steps (76%) done
Select jobs to execute...

[Sun Feb  1 17:18:59 2026]
rule remap:
    input: output/chr19_phastCons60way_sarHar1_AStuM_unmapped.gtf, data/features2.txt, data/genomes/sarHar1/sarHar1.fa, data/genomes/AStuM/GCA_016696395.1_USYD_AStu_M_genomic.fna, output/liftoff_intermediate
    output: output/chr19_phastCons60way_sarHar1_AStuM_remapped.gtf, output/chr19_phastCons60way_sarHar1_AStuM_remapfail.txt
    log: output/logfiles/chr19_phastCons60way_sarHar1_AStuM_remapped.gtf.log
    jobid: 28
    reason: Missing output files: output/chr19_phastCons60way_sarHar1_AStuM_remapped.gtf
    wildcards: path=output, target_species=AStuM, chr=chr19, query=sarHar1
    resources: tmpdir=/tmp

[Sun Feb  1 17:19:14 2026]
Finished job 28.
32 of 41 steps (78%) done
Select jobs to execute...

[Sun Feb  1 17:19:14 2026]
rule clean_bedfile:
    input: output/chr19_phastCons60way_liftoff_sarHar1_ThyCyn2.0_mapped.bed
    output: output/chr19_phastCons60way_liftoff_sarHar1_ThyCyn2.0_mapped_cleaned.bed
    log: output/logfiles/chr19_phastCons60way_liftoff_sarHar1_ThyCyn2.0.mapped.bed.log
    jobid: 3
    reason: Missing output files: output/chr19_phastCons60way_liftoff_sarHar1_ThyCyn2.0_mapped_cleaned.bed; Input files updated by another job: output/chr19_phastCons60way_liftoff_sarHar1_ThyCyn2.0_mapped.bed
    wildcards: path=output, target_species=ThyCyn2.0, chr=chr19, query=sarHar1
    resources: tmpdir=/tmp

[Sun Feb  1 17:19:15 2026]
Finished job 3.
33 of 41 steps (80%) done
Select jobs to execute...

[Sun Feb  1 17:19:15 2026]
rule get_fasta:
    input: output/chr19_phastCons60way_liftoff_sarHar1_ThyCyn2.0_mapped_cleaned.bed, data/genomes/ThyCyn2.0_hybrid_assembly/UniMelb_ThyCyn2_0_hybrid_assembly.fsa, data/genomes/ThyCyn2.0_hybrid_assembly/UniMelb_ThyCyn2_0_hybrid_assembly.fsa.fai
    output: output/chr19_phastCons60way_liftoff_sarHar1_ThyCyn2.0_mapped_cleaned.fa
    log: output/logfiles/chr19_phastCons60way_liftoff_sarHar1_ThyCyn2.0_mapped_cleaned_filtered.fa
    jobid: 2
    reason: Missing output files: output/chr19_phastCons60way_liftoff_sarHar1_ThyCyn2.0_mapped_cleaned.fa; Input files updated by another job: output/chr19_phastCons60way_liftoff_sarHar1_ThyCyn2.0_mapped_cleaned.bed
    wildcards: path=output, target_species=ThyCyn2.0, chr=chr19, query=sarHar1
    resources: tmpdir=/tmp

[Sun Feb  1 17:19:20 2026]
Finished job 2.
34 of 41 steps (83%) done
Select jobs to execute...

[Sun Feb  1 17:19:20 2026]
rule split_fasta:
    input: output/chr19_phastCons60way_liftoff_sarHar1_ThyCyn2.0_mapped_cleaned.fa, output/ThyCyn2.0
    output: output/ThyCyn2.0/chr19_sarHar1_ThyCyn2.0_list.txt
    log: output/logfiles/chr19_sarHar1_ThyCyn2.0_faSplit.log
    jobid: 1
    reason: Missing output files: output/ThyCyn2.0/chr19_sarHar1_ThyCyn2.0_list.txt; Input files updated by another job: output/chr19_phastCons60way_liftoff_sarHar1_ThyCyn2.0_mapped_cleaned.fa
    wildcards: path=output, target_species=ThyCyn2.0, chr=chr19, query=sarHar1
    resources: tmpdir=/tmp

[Sun Feb  1 17:19:28 2026]
Finished job 1.
35 of 41 steps (85%) done
Select jobs to execute...

[Sun Feb  1 17:19:28 2026]
rule combine_mapped:
    input: output/chr19_phastCons60way_sarHar1_AStuM_mapped.gtf, output/chr19_phastCons60way_sarHar1_AStuM_remapped.gtf
    output: output/chr19_phastCons60way_sarHar1_AStuM_combined.gtf
    log: output/logfiles/chr19_phastCons60way_liftoff_sarHar1_AStuM.mapped.bed.log
    jobid: 26
    reason: Missing output files: output/chr19_phastCons60way_sarHar1_AStuM_combined.gtf; Input files updated by another job: output/chr19_phastCons60way_sarHar1_AStuM_remapped.gtf
    wildcards: path=output, target_species=AStuM, chr=chr19, query=sarHar1
    resources: tmpdir=/tmp

[Sun Feb  1 17:19:28 2026]
Finished job 26.
36 of 41 steps (88%) done
Select jobs to execute...

[Sun Feb  1 17:19:28 2026]
rule gtf2bed:
    input: output/chr19_phastCons60way_sarHar1_AStuM_combined.gtf
    output: output/chr19_phastCons60way_liftoff_sarHar1_AStuM_mapped.bed
    log: output/logfiles/chr19_phastCons60way_liftoff_sarHar1_AStuM.mapped.bed.log
    jobid: 25
    reason: Missing output files: output/chr19_phastCons60way_liftoff_sarHar1_AStuM_mapped.bed; Input files updated by another job: output/chr19_phastCons60way_sarHar1_AStuM_combined.gtf
    wildcards: path=output, target_species=AStuM, chr=chr19, query=sarHar1
    resources: tmpdir=/tmp

[Sun Feb  1 17:19:29 2026]
Finished job 25.
37 of 41 steps (90%) done
Select jobs to execute...

[Sun Feb  1 17:19:29 2026]
rule clean_bedfile:
    input: output/chr19_phastCons60way_liftoff_sarHar1_AStuM_mapped.bed
    output: output/chr19_phastCons60way_liftoff_sarHar1_AStuM_mapped_cleaned.bed
    log: output/logfiles/chr19_phastCons60way_liftoff_sarHar1_AStuM.mapped.bed.log
    jobid: 24
    reason: Missing output files: output/chr19_phastCons60way_liftoff_sarHar1_AStuM_mapped_cleaned.bed; Input files updated by another job: output/chr19_phastCons60way_liftoff_sarHar1_AStuM_mapped.bed
    wildcards: path=output, target_species=AStuM, chr=chr19, query=sarHar1
    resources: tmpdir=/tmp

[Sun Feb  1 17:19:30 2026]
Finished job 24.
38 of 41 steps (93%) done
Select jobs to execute...

[Sun Feb  1 17:19:30 2026]
rule get_fasta:
    input: output/chr19_phastCons60way_liftoff_sarHar1_AStuM_mapped_cleaned.bed, data/genomes/AStuM/GCA_016696395.1_USYD_AStu_M_genomic.fna, data/genomes/AStuM/GCA_016696395.1_USYD_AStu_M_genomic.fna.fai
    output: output/chr19_phastCons60way_liftoff_sarHar1_AStuM_mapped_cleaned.fa
    log: output/logfiles/chr19_phastCons60way_liftoff_sarHar1_AStuM_mapped_cleaned_filtered.fa
    jobid: 23
    reason: Missing output files: output/chr19_phastCons60way_liftoff_sarHar1_AStuM_mapped_cleaned.fa; Input files updated by another job: output/chr19_phastCons60way_liftoff_sarHar1_AStuM_mapped_cleaned.bed
    wildcards: path=output, target_species=AStuM, chr=chr19, query=sarHar1
    resources: tmpdir=/tmp

[Sun Feb  1 17:19:33 2026]
Finished job 23.
39 of 41 steps (95%) done
Select jobs to execute...

[Sun Feb  1 17:19:33 2026]
rule split_fasta:
    input: output/chr19_phastCons60way_liftoff_sarHar1_AStuM_mapped_cleaned.fa, output/AStuM
    output: output/AStuM/chr19_sarHar1_AStuM_list.txt
    log: output/logfiles/chr19_sarHar1_AStuM_faSplit.log
    jobid: 22
    reason: Missing output files: output/AStuM/chr19_sarHar1_AStuM_list.txt; Input files updated by another job: output/chr19_phastCons60way_liftoff_sarHar1_AStuM_mapped_cleaned.fa
    wildcards: path=output, target_species=AStuM, chr=chr19, query=sarHar1
    resources: tmpdir=/tmp

[Sun Feb  1 17:19:48 2026]
Finished job 22.
40 of 41 steps (98%) done
Select jobs to execute...

[Sun Feb  1 17:19:48 2026]
rule finish:
    input: output/ThyCyn2.0/chr19_sarHar1_ThyCyn2.0_list.txt, output/mSarHar1.11/chr19_sarHar1_mSarHar1.11_list.txt, output/AStuM/chr19_sarHar1_AStuM_list.txt, output/DasVivv1.0/chr19_sarHar1_DasVivv1.0_list.txt, output/mMyrFas1/chr19_sarHar1_mMyrFas1_list.txt, output/mDroGli1/chr19_sarHar1_mDroGli1_list.txt
    output: output/sarHar1_workflow_summary.txt, output/sarHar1_regions_list.txt
    jobid: 0
    reason: Missing output files: output/sarHar1_workflow_summary.txt; Input files updated by another job: output/AStuM/chr19_sarHar1_AStuM_list.txt, output/mDroGli1/chr19_sarHar1_mDroGli1_list.txt, output/mSarHar1.11/chr19_sarHar1_mSarHar1.11_list.txt, output/DasVivv1.0/chr19_sarHar1_DasVivv1.0_list.txt, output/mMyrFas1/chr19_sarHar1_mMyrFas1_list.txt, output/ThyCyn2.0/chr19_sarHar1_ThyCyn2.0_list.txt
    wildcards: path=output, query=sarHar1
    resources: tmpdir=/tmp

[Sun Feb  1 17:19:48 2026]
Error in rule finish:
    jobid: 0
    input: output/ThyCyn2.0/chr19_sarHar1_ThyCyn2.0_list.txt, output/mSarHar1.11/chr19_sarHar1_mSarHar1.11_list.txt, output/AStuM/chr19_sarHar1_AStuM_list.txt, output/DasVivv1.0/chr19_sarHar1_DasVivv1.0_list.txt, output/mMyrFas1/chr19_sarHar1_mMyrFas1_list.txt, output/mDroGli1/chr19_sarHar1_mDroGli1_list.txt
    output: output/sarHar1_workflow_summary.txt, output/sarHar1_regions_list.txt
    shell:
        
    Rscript scripts/summary.R output/ThyCyn2.0/chr19_sarHar1_ThyCyn2.0_list.txt output/mSarHar1.11/chr19_sarHar1_mSarHar1.11_list.txt output/AStuM/chr19_sarHar1_AStuM_list.txt output/DasVivv1.0/chr19_sarHar1_DasVivv1.0_list.txt output/mMyrFas1/chr19_sarHar1_mMyrFas1_list.txt output/mDroGli1/chr19_sarHar1_mDroGli1_list.txt output/sarHar1_workflow_summary.txt output/sarHar1_regions_list.txt 2> 
    
        (one of the commands exited with non-zero exit code; note that snakemake uses bash strict mode!)

Shutting down, this might take some time.
Exiting because a job execution failed. Look above for error message
Complete log: .snakemake/log/2026-02-01T171700.601876.snakemake.log
