Building DAG of jobs...
Using shell: /usr/bin/bash
Provided cores: 1 (use --cores to define parallelism)
Rules claiming more threads will be scaled down.
Job stats:
job                count
---------------  -------
clean_bedfile          6
combine_mapped         6
finish                 1
format_unmapped        6
get_fasta              6
get_unmapped           6
gtf2bed                6
liftoff                5
remap                  6
split_fasta            6
total                 54

Select jobs to execute...

[Sun Feb  1 17:14:57 2026]
rule liftoff:
    input: output/chr19_phastCons60way_sarHar1_liftover_edited.gtf, data/features2.txt, data/genomes/sarHar1/sarHar1.fa, data/genomes/AStuM/GCA_016696395.1_USYD_AStu_M_genomic.fna, output/liftoff_intermediate
    output: output/chr19_phastCons60way_sarHar1_AStuM_mapped.gtf, output/chr19_phastCons60way_sarHar1_AStuM_unmapped.txt
    log: output/logfiles/chr19_phastCons60way_sarHar1_AStuM_mapped.gtf.log
    jobid: 27
    reason: Missing output files: output/chr19_phastCons60way_sarHar1_AStuM_mapped.gtf, output/chr19_phastCons60way_sarHar1_AStuM_unmapped.txt
    wildcards: path=output, target_species=AStuM, chr=chr19, query=sarHar1
    resources: tmpdir=/tmp

[Sun Feb  1 17:15:17 2026]
Finished job 27.
1 of 54 steps (2%) done
Select jobs to execute...

[Sun Feb  1 17:15:17 2026]
rule liftoff:
    input: output/chr19_phastCons60way_sarHar1_liftover_edited.gtf, data/features2.txt, data/genomes/sarHar1/sarHar1.fa, data/genomes/ThyCyn2.0_hybrid_assembly/UniMelb_ThyCyn2_0_hybrid_assembly.fsa, output/liftoff_intermediate
    output: output/chr19_phastCons60way_sarHar1_ThyCyn2.0_mapped.gtf, output/chr19_phastCons60way_sarHar1_ThyCyn2.0_unmapped.txt
    log: output/logfiles/chr19_phastCons60way_sarHar1_ThyCyn2.0_mapped.gtf.log
    jobid: 6
    reason: Missing output files: output/chr19_phastCons60way_sarHar1_ThyCyn2.0_mapped.gtf, output/chr19_phastCons60way_sarHar1_ThyCyn2.0_unmapped.txt
    wildcards: path=output, target_species=ThyCyn2.0, chr=chr19, query=sarHar1
    resources: tmpdir=/tmp

[Sun Feb  1 17:15:39 2026]
Finished job 6.
2 of 54 steps (4%) done
Select jobs to execute...

[Sun Feb  1 17:15:39 2026]
rule get_unmapped:
    input: output/chr19_phastCons60way_sarHar1_ThyCyn2.0_unmapped.txt
    output: output/chr19_phastCons60way_sarHar1_ThyCyn2.0_unmapped_edited.txt
    log: output/logfiles/chr19_phastCons60way_sarHar1_ThyCyn2.0_unmapped.log
    jobid: 12
    reason: Missing output files: output/chr19_phastCons60way_sarHar1_ThyCyn2.0_unmapped_edited.txt; Input files updated by another job: output/chr19_phastCons60way_sarHar1_ThyCyn2.0_unmapped.txt
    wildcards: path=output, target_species=ThyCyn2.0, chr=chr19, query=sarHar1
    resources: tmpdir=/tmp

[Sun Feb  1 17:15:39 2026]
Finished job 12.
3 of 54 steps (6%) done
Select jobs to execute...

[Sun Feb  1 17:15:39 2026]
rule get_unmapped:
    input: output/chr19_phastCons60way_sarHar1_mSarHar1.11_unmapped.txt
    output: output/chr19_phastCons60way_sarHar1_mSarHar1.11_unmapped_edited.txt
    log: output/logfiles/chr19_phastCons60way_sarHar1_mSarHar1.11_unmapped.log
    jobid: 21
    reason: Missing output files: output/chr19_phastCons60way_sarHar1_mSarHar1.11_unmapped_edited.txt
    wildcards: path=output, target_species=mSarHar1.11, chr=chr19, query=sarHar1
    resources: tmpdir=/tmp

[Sun Feb  1 17:15:39 2026]
Finished job 21.
4 of 54 steps (7%) done
Select jobs to execute...

[Sun Feb  1 17:15:39 2026]
rule liftoff:
    input: output/chr19_phastCons60way_sarHar1_liftover_edited.gtf, data/features2.txt, data/genomes/sarHar1/sarHar1.fa, data/genomes/DasVivv1.0/GCA_020854095.1_UniMelb_DasViv_v1.0_genomic.fna, output/liftoff_intermediate
    output: output/chr19_phastCons60way_sarHar1_DasVivv1.0_mapped.gtf, output/chr19_phastCons60way_sarHar1_DasVivv1.0_unmapped.txt
    log: output/logfiles/chr19_phastCons60way_sarHar1_DasVivv1.0_mapped.gtf.log
    jobid: 36
    reason: Missing output files: output/chr19_phastCons60way_sarHar1_DasVivv1.0_mapped.gtf, output/chr19_phastCons60way_sarHar1_DasVivv1.0_unmapped.txt
    wildcards: path=output, target_species=DasVivv1.0, chr=chr19, query=sarHar1
    resources: tmpdir=/tmp

[Sun Feb  1 17:15:59 2026]
Finished job 36.
5 of 54 steps (9%) done
Select jobs to execute...

[Sun Feb  1 17:15:59 2026]
rule get_unmapped:
    input: output/chr19_phastCons60way_sarHar1_AStuM_unmapped.txt
    output: output/chr19_phastCons60way_sarHar1_AStuM_unmapped_edited.txt
    log: output/logfiles/chr19_phastCons60way_sarHar1_AStuM_unmapped.log
    jobid: 30
    reason: Missing output files: output/chr19_phastCons60way_sarHar1_AStuM_unmapped_edited.txt; Input files updated by another job: output/chr19_phastCons60way_sarHar1_AStuM_unmapped.txt
    wildcards: path=output, target_species=AStuM, chr=chr19, query=sarHar1
    resources: tmpdir=/tmp

[Sun Feb  1 17:15:59 2026]
Finished job 30.
6 of 54 steps (11%) done
Select jobs to execute...

[Sun Feb  1 17:15:59 2026]
rule format_unmapped:
    input: output/chr19_phastCons60way_sarHar1_AStuM_unmapped_edited.txt, output/chr19_phastCons60way_sarHar1_liftover_edited.gtf
    output: output/chr19_phastCons60way_sarHar1_AStuM_unmapped.gtf
    log: output/logfiles/chr19_phastCons60way_sarHar1_AStuM_unmapped_format.log
    jobid: 29
    reason: Missing output files: output/chr19_phastCons60way_sarHar1_AStuM_unmapped.gtf; Input files updated by another job: output/chr19_phastCons60way_sarHar1_AStuM_unmapped_edited.txt
    wildcards: path=output, target_species=AStuM, chr=chr19, query=sarHar1
    resources: tmpdir=/tmp

[Sun Feb  1 17:15:59 2026]
Finished job 29.
7 of 54 steps (13%) done
Select jobs to execute...

[Sun Feb  1 17:15:59 2026]
rule liftoff:
    input: output/chr19_phastCons60way_sarHar1_liftover_edited.gtf, data/features2.txt, data/genomes/sarHar1/sarHar1.fa, data/genomes/mMyrFas1/GCA_023553655.1_mMyrfas1.20211206_genomic.fna, output/liftoff_intermediate
    output: output/chr19_phastCons60way_sarHar1_mMyrFas1_mapped.gtf, output/chr19_phastCons60way_sarHar1_mMyrFas1_unmapped.txt
    log: output/logfiles/chr19_phastCons60way_sarHar1_mMyrFas1_mapped.gtf.log
    jobid: 45
    reason: Missing output files: output/chr19_phastCons60way_sarHar1_mMyrFas1_mapped.gtf, output/chr19_phastCons60way_sarHar1_mMyrFas1_unmapped.txt
    wildcards: path=output, target_species=mMyrFas1, chr=chr19, query=sarHar1
    resources: tmpdir=/tmp

[Sun Feb  1 17:16:21 2026]
Finished job 45.
8 of 54 steps (15%) done
Select jobs to execute...

[Sun Feb  1 17:16:21 2026]
rule get_unmapped:
    input: output/chr19_phastCons60way_sarHar1_mMyrFas1_unmapped.txt
    output: output/chr19_phastCons60way_sarHar1_mMyrFas1_unmapped_edited.txt
    log: output/logfiles/chr19_phastCons60way_sarHar1_mMyrFas1_unmapped.log
    jobid: 48
    reason: Missing output files: output/chr19_phastCons60way_sarHar1_mMyrFas1_unmapped_edited.txt; Input files updated by another job: output/chr19_phastCons60way_sarHar1_mMyrFas1_unmapped.txt
    wildcards: path=output, target_species=mMyrFas1, chr=chr19, query=sarHar1
    resources: tmpdir=/tmp

[Sun Feb  1 17:16:21 2026]
Finished job 48.
9 of 54 steps (17%) done
Select jobs to execute...

[Sun Feb  1 17:16:21 2026]
rule format_unmapped:
    input: output/chr19_phastCons60way_sarHar1_mMyrFas1_unmapped_edited.txt, output/chr19_phastCons60way_sarHar1_liftover_edited.gtf
    output: output/chr19_phastCons60way_sarHar1_mMyrFas1_unmapped.gtf
    log: output/logfiles/chr19_phastCons60way_sarHar1_mMyrFas1_unmapped_format.log
    jobid: 47
    reason: Missing output files: output/chr19_phastCons60way_sarHar1_mMyrFas1_unmapped.gtf; Input files updated by another job: output/chr19_phastCons60way_sarHar1_mMyrFas1_unmapped_edited.txt
    wildcards: path=output, target_species=mMyrFas1, chr=chr19, query=sarHar1
    resources: tmpdir=/tmp

[Sun Feb  1 17:16:21 2026]
Finished job 47.
10 of 54 steps (19%) done
Select jobs to execute...

[Sun Feb  1 17:16:21 2026]
rule remap:
    input: output/chr19_phastCons60way_sarHar1_mMyrFas1_unmapped.gtf, data/features2.txt, data/genomes/sarHar1/sarHar1.fa, data/genomes/mMyrFas1/GCA_023553655.1_mMyrfas1.20211206_genomic.fna, output/liftoff_intermediate
    output: output/chr19_phastCons60way_sarHar1_mMyrFas1_remapped.gtf, output/chr19_phastCons60way_sarHar1_mMyrFas1_remapfail.txt
    log: output/logfiles/chr19_phastCons60way_sarHar1_mMyrFas1_remapped.gtf.log
    jobid: 46
    reason: Missing output files: output/chr19_phastCons60way_sarHar1_mMyrFas1_remapped.gtf; Input files updated by another job: output/chr19_phastCons60way_sarHar1_mMyrFas1_unmapped.gtf
    wildcards: path=output, target_species=mMyrFas1, chr=chr19, query=sarHar1
    resources: tmpdir=/tmp

[Sun Feb  1 17:16:38 2026]
Finished job 46.
11 of 54 steps (20%) done
Select jobs to execute...

[Sun Feb  1 17:16:38 2026]
rule combine_mapped:
    input: output/chr19_phastCons60way_sarHar1_mMyrFas1_mapped.gtf, output/chr19_phastCons60way_sarHar1_mMyrFas1_remapped.gtf
    output: output/chr19_phastCons60way_sarHar1_mMyrFas1_combined.gtf
    log: output/logfiles/chr19_phastCons60way_liftoff_sarHar1_mMyrFas1.mapped.bed.log
    jobid: 44
    reason: Missing output files: output/chr19_phastCons60way_sarHar1_mMyrFas1_combined.gtf; Input files updated by another job: output/chr19_phastCons60way_sarHar1_mMyrFas1_remapped.gtf, output/chr19_phastCons60way_sarHar1_mMyrFas1_mapped.gtf
    wildcards: path=output, target_species=mMyrFas1, chr=chr19, query=sarHar1
    resources: tmpdir=/tmp

[Sun Feb  1 17:16:38 2026]
Finished job 44.
12 of 54 steps (22%) done
Select jobs to execute...

[Sun Feb  1 17:16:38 2026]
rule gtf2bed:
    input: output/chr19_phastCons60way_sarHar1_mMyrFas1_combined.gtf
    output: output/chr19_phastCons60way_liftoff_sarHar1_mMyrFas1_mapped.bed
    log: output/logfiles/chr19_phastCons60way_liftoff_sarHar1_mMyrFas1.mapped.bed.log
    jobid: 43
    reason: Missing output files: output/chr19_phastCons60way_liftoff_sarHar1_mMyrFas1_mapped.bed; Input files updated by another job: output/chr19_phastCons60way_sarHar1_mMyrFas1_combined.gtf
    wildcards: path=output, target_species=mMyrFas1, chr=chr19, query=sarHar1
    resources: tmpdir=/tmp

[Sun Feb  1 17:16:38 2026]
Finished job 43.
13 of 54 steps (24%) done
Select jobs to execute...

[Sun Feb  1 17:16:38 2026]
rule clean_bedfile:
    input: output/chr19_phastCons60way_liftoff_sarHar1_mMyrFas1_mapped.bed
    output: output/chr19_phastCons60way_liftoff_sarHar1_mMyrFas1_mapped_cleaned.bed
    log: output/logfiles/chr19_phastCons60way_liftoff_sarHar1_mMyrFas1.mapped.bed.log
    jobid: 42
    reason: Missing output files: output/chr19_phastCons60way_liftoff_sarHar1_mMyrFas1_mapped_cleaned.bed; Input files updated by another job: output/chr19_phastCons60way_liftoff_sarHar1_mMyrFas1_mapped.bed
    wildcards: path=output, target_species=mMyrFas1, chr=chr19, query=sarHar1
    resources: tmpdir=/tmp

[Sun Feb  1 17:16:38 2026]
Error in rule clean_bedfile:
    jobid: 42
    input: output/chr19_phastCons60way_liftoff_sarHar1_mMyrFas1_mapped.bed
    output: output/chr19_phastCons60way_liftoff_sarHar1_mMyrFas1_mapped_cleaned.bed
    log: output/logfiles/chr19_phastCons60way_liftoff_sarHar1_mMyrFas1.mapped.bed.log (check log file(s) for error details)
    shell:
        
    Rscript scripts/bedClean.R output/chr19_phastCons60way_liftoff_sarHar1_mMyrFas1_mapped.bed output/chr19_phastCons60way_liftoff_sarHar1_mMyrFas1_mapped_cleaned.bed 2> output/logfiles/chr19_phastCons60way_liftoff_sarHar1_mMyrFas1.mapped.bed.log
    
        (one of the commands exited with non-zero exit code; note that snakemake uses bash strict mode!)

Shutting down, this might take some time.
Exiting because a job execution failed. Look above for error message
Complete log: .snakemake/log/2026-02-01T171456.593613.snakemake.log
