Building DAG of jobs...
Using shell: /usr/bin/bash
Provided cores: 2
Rules claiming more threads will be scaled down.
Job stats:
job                count
---------------  -------
bed2gtf                1
clean_bedfile          6
combine_mapped         6
editgtf                1
finish                 1
format_unmapped        6
get_fasta              6
get_unmapped           6
gtf2bed                6
liftoff                6
liftover               1
remap                  6
split_fasta            6
total                 58

Select jobs to execute...

[Sun Feb  1 18:52:46 2026]
rule liftover:
    input: data/chain_files/mm10ToSarHar1.over.chain.gz, data/mm10/chr19_60way_most_conserved_merged_size_edited.bed
    output: output/chr19_phastCons60way_sarHar1_liftover.bed, output/chr19_phastCons60way_sarHar1_unlifted.bed
    log: output/logfiles/chr19_phastCons60way_sarHar1_liftover.log
    jobid: 9
    reason: Forced execution
    wildcards: path=output, chr=chr19, query=sarHar1
    resources: tmpdir=/tmp

[Sun Feb  1 18:52:48 2026]
Finished job 9.
1 of 58 steps (2%) done
Select jobs to execute...

[Sun Feb  1 18:52:48 2026]
rule bed2gtf:
    input: output/chr19_phastCons60way_sarHar1_liftover.bed
    output: output/chr19_phastCons60way_sarHar1_liftover.gtf
    log: output/logfiles/chr19_phastCons60way_sarHar1.gtf.log
    jobid: 8
    reason: Input files updated by another job: output/chr19_phastCons60way_sarHar1_liftover.bed
    wildcards: path=output, chr=chr19, query=sarHar1
    resources: tmpdir=/tmp

[Sun Feb  1 18:52:48 2026]
Finished job 8.
2 of 58 steps (3%) done
Select jobs to execute...

[Sun Feb  1 18:52:48 2026]
rule editgtf:
    input: output/chr19_phastCons60way_sarHar1_liftover.gtf
    output: output/chr19_phastCons60way_sarHar1_liftover_edited.gtf
    log: output/logfiles/chr19_phastCons60way_sarHar1_edited.gtf.log
    jobid: 7
    reason: Input files updated by another job: output/chr19_phastCons60way_sarHar1_liftover.gtf
    wildcards: path=output, chr=chr19, query=sarHar1
    resources: tmpdir=/tmp

[Sun Feb  1 18:52:48 2026]
Finished job 7.
3 of 58 steps (5%) done
Select jobs to execute...

[Sun Feb  1 18:52:48 2026]
rule liftoff:
    input: output/chr19_phastCons60way_sarHar1_liftover_edited.gtf, data/features2.txt, data/genomes/sarHar1/sarHar1.fa, data/genomes/mSarHar1.11/Sarcophilus_harrisii.mSarHar1.11.dna.toplevel.fna, output/liftoff_intermediate
    output: output/chr19_phastCons60way_sarHar1_mSarHar1.11_mapped.gtf, output/chr19_phastCons60way_sarHar1_mSarHar1.11_unmapped.txt
    log: output/logfiles/chr19_phastCons60way_sarHar1_mSarHar1.11_mapped.gtf.log
    jobid: 18
    reason: Input files updated by another job: output/chr19_phastCons60way_sarHar1_liftover_edited.gtf
    wildcards: path=output, target_species=mSarHar1.11, chr=chr19, query=sarHar1
    resources: tmpdir=/tmp, exclusive=1


[Sun Feb  1 18:52:48 2026]
rule liftoff:
    input: output/chr19_phastCons60way_sarHar1_liftover_edited.gtf, data/features2.txt, data/genomes/sarHar1/sarHar1.fa, data/genomes/mDroGli1/GCF_019393635.1_mDroGli1.pri_genomic.fna, output/liftoff_intermediate
    output: output/chr19_phastCons60way_sarHar1_mDroGli1_mapped.gtf, output/chr19_phastCons60way_sarHar1_mDroGli1_unmapped.txt
    log: output/logfiles/chr19_phastCons60way_sarHar1_mDroGli1_mapped.gtf.log
    jobid: 54
    reason: Input files updated by another job: output/chr19_phastCons60way_sarHar1_liftover_edited.gtf
    wildcards: path=output, target_species=mDroGli1, chr=chr19, query=sarHar1
    resources: tmpdir=/tmp, exclusive=1

[Sun Feb  1 18:53:03 2026]
Error in rule liftoff:
    jobid: 18
    input: output/chr19_phastCons60way_sarHar1_liftover_edited.gtf, data/features2.txt, data/genomes/sarHar1/sarHar1.fa, data/genomes/mSarHar1.11/Sarcophilus_harrisii.mSarHar1.11.dna.toplevel.fna, output/liftoff_intermediate
    output: output/chr19_phastCons60way_sarHar1_mSarHar1.11_mapped.gtf, output/chr19_phastCons60way_sarHar1_mSarHar1.11_unmapped.txt
    log: output/logfiles/chr19_phastCons60way_sarHar1_mSarHar1.11_mapped.gtf.log (check log file(s) for error details)
    shell:
        
    liftoff -g output/chr19_phastCons60way_sarHar1_liftover_edited.gtf -f data/features2.txt -exclude_partial -dir output/liftoff_intermediate  -flank 0 data/genomes/mSarHar1.11/Sarcophilus_harrisii.mSarHar1.11.dna.toplevel.fna data/genomes/sarHar1/sarHar1.fa -o output/chr19_phastCons60way_sarHar1_mSarHar1.11_mapped.gtf -u output/chr19_phastCons60way_sarHar1_mSarHar1.11_unmapped.txt  2> output/logfiles/chr19_phastCons60way_sarHar1_mSarHar1.11_mapped.gtf.log
    
        (one of the commands exited with non-zero exit code; note that snakemake uses bash strict mode!)

[Sun Feb  1 18:53:12 2026]
Finished job 54.
4 of 58 steps (7%) done
Shutting down, this might take some time.
Exiting because a job execution failed. Look above for error message
Complete log: .snakemake/log/2026-02-01T185245.114053.snakemake.log
