Building DAG of jobs...
Using shell: /usr/bin/bash
Provided cores: 2
Rules claiming more threads will be scaled down.
Provided resources: exclusive=1
Job stats:
job                count
---------------  -------
bed2gtf                1
clean_bedfile          6
combine_mapped         6
editgtf                1
finish                 1
format_unmapped        6
get_fasta              6
get_unmapped           6
gtf2bed                6
liftoff                6
liftover               1
remap                  6
split_fasta            6
total                 58

Select jobs to execute...

[Sun Feb  1 18:55:52 2026]
rule liftover:
    input: data/chain_files/mm10ToSarHar1.over.chain.gz, data/mm10/chr19_60way_most_conserved_merged_size_edited.bed
    output: output/chr19_phastCons60way_sarHar1_liftover.bed, output/chr19_phastCons60way_sarHar1_unlifted.bed
    log: output/logfiles/chr19_phastCons60way_sarHar1_liftover.log
    jobid: 9
    reason: Forced execution
    wildcards: path=output, chr=chr19, query=sarHar1
    resources: tmpdir=/tmp

[Sun Feb  1 18:55:54 2026]
Finished job 9.
1 of 58 steps (2%) done
Select jobs to execute...

[Sun Feb  1 18:55:54 2026]
rule bed2gtf:
    input: output/chr19_phastCons60way_sarHar1_liftover.bed
    output: output/chr19_phastCons60way_sarHar1_liftover.gtf
    log: output/logfiles/chr19_phastCons60way_sarHar1.gtf.log
    jobid: 8
    reason: Input files updated by another job: output/chr19_phastCons60way_sarHar1_liftover.bed
    wildcards: path=output, chr=chr19, query=sarHar1
    resources: tmpdir=/tmp

[Sun Feb  1 18:55:54 2026]
Finished job 8.
2 of 58 steps (3%) done
Select jobs to execute...

[Sun Feb  1 18:55:54 2026]
rule editgtf:
    input: output/chr19_phastCons60way_sarHar1_liftover.gtf
    output: output/chr19_phastCons60way_sarHar1_liftover_edited.gtf
    log: output/logfiles/chr19_phastCons60way_sarHar1_edited.gtf.log
    jobid: 7
    reason: Input files updated by another job: output/chr19_phastCons60way_sarHar1_liftover.gtf
    wildcards: path=output, chr=chr19, query=sarHar1
    resources: tmpdir=/tmp

[Sun Feb  1 18:55:54 2026]
Finished job 7.
3 of 58 steps (5%) done
Select jobs to execute...

[Sun Feb  1 18:55:54 2026]
rule liftoff:
    input: output/chr19_phastCons60way_sarHar1_liftover_edited.gtf, data/features2.txt, data/genomes/sarHar1/sarHar1.fa, data/genomes/AStuM/GCA_016696395.1_USYD_AStu_M_genomic.fna, output/liftoff_intermediate
    output: output/chr19_phastCons60way_sarHar1_AStuM_mapped.gtf, output/chr19_phastCons60way_sarHar1_AStuM_unmapped.txt
    log: output/logfiles/chr19_phastCons60way_sarHar1_AStuM_mapped.gtf.log
    jobid: 27
    reason: Input files updated by another job: output/chr19_phastCons60way_sarHar1_liftover_edited.gtf
    wildcards: path=output, target_species=AStuM, chr=chr19, query=sarHar1
    resources: tmpdir=/tmp, exclusive=1

[Sun Feb  1 18:56:14 2026]
Finished job 27.
4 of 58 steps (7%) done
Select jobs to execute...

[Sun Feb  1 18:56:14 2026]
rule liftoff:
    input: output/chr19_phastCons60way_sarHar1_liftover_edited.gtf, data/features2.txt, data/genomes/sarHar1/sarHar1.fa, data/genomes/ThyCyn2.0_hybrid_assembly/UniMelb_ThyCyn2_0_hybrid_assembly.fsa, output/liftoff_intermediate
    output: output/chr19_phastCons60way_sarHar1_ThyCyn2.0_mapped.gtf, output/chr19_phastCons60way_sarHar1_ThyCyn2.0_unmapped.txt
    log: output/logfiles/chr19_phastCons60way_sarHar1_ThyCyn2.0_mapped.gtf.log
    jobid: 6
    reason: Input files updated by another job: output/chr19_phastCons60way_sarHar1_liftover_edited.gtf
    wildcards: path=output, target_species=ThyCyn2.0, chr=chr19, query=sarHar1
    resources: tmpdir=/tmp, exclusive=1


[Sun Feb  1 18:56:14 2026]
rule get_unmapped:
    input: output/chr19_phastCons60way_sarHar1_AStuM_unmapped.txt
    output: output/chr19_phastCons60way_sarHar1_AStuM_unmapped_edited.txt
    log: output/logfiles/chr19_phastCons60way_sarHar1_AStuM_unmapped.log
    jobid: 30
    reason: Input files updated by another job: output/chr19_phastCons60way_sarHar1_AStuM_unmapped.txt
    wildcards: path=output, target_species=AStuM, chr=chr19, query=sarHar1
    resources: tmpdir=/tmp

[Sun Feb  1 18:56:14 2026]
Finished job 30.
5 of 58 steps (9%) done
Select jobs to execute...

[Sun Feb  1 18:56:14 2026]
rule format_unmapped:
    input: output/chr19_phastCons60way_sarHar1_AStuM_unmapped_edited.txt, output/chr19_phastCons60way_sarHar1_liftover_edited.gtf
    output: output/chr19_phastCons60way_sarHar1_AStuM_unmapped.gtf
    log: output/logfiles/chr19_phastCons60way_sarHar1_AStuM_unmapped_format.log
    jobid: 29
    reason: Input files updated by another job: output/chr19_phastCons60way_sarHar1_liftover_edited.gtf, output/chr19_phastCons60way_sarHar1_AStuM_unmapped_edited.txt
    wildcards: path=output, target_species=AStuM, chr=chr19, query=sarHar1
    resources: tmpdir=/tmp

[Sun Feb  1 18:56:14 2026]
Finished job 29.
6 of 58 steps (10%) done
Select jobs to execute...
[Sun Feb  1 18:56:36 2026]
Finished job 6.
7 of 58 steps (12%) done

[Sun Feb  1 18:56:36 2026]
rule liftoff:
    input: output/chr19_phastCons60way_sarHar1_liftover_edited.gtf, data/features2.txt, data/genomes/sarHar1/sarHar1.fa, data/genomes/DasVivv1.0/GCA_020854095.1_UniMelb_DasViv_v1.0_genomic.fna, output/liftoff_intermediate
    output: output/chr19_phastCons60way_sarHar1_DasVivv1.0_mapped.gtf, output/chr19_phastCons60way_sarHar1_DasVivv1.0_unmapped.txt
    log: output/logfiles/chr19_phastCons60way_sarHar1_DasVivv1.0_mapped.gtf.log
    jobid: 36
    reason: Input files updated by another job: output/chr19_phastCons60way_sarHar1_liftover_edited.gtf
    wildcards: path=output, target_species=DasVivv1.0, chr=chr19, query=sarHar1
    resources: tmpdir=/tmp, exclusive=1


[Sun Feb  1 18:56:36 2026]
rule get_unmapped:
    input: output/chr19_phastCons60way_sarHar1_ThyCyn2.0_unmapped.txt
    output: output/chr19_phastCons60way_sarHar1_ThyCyn2.0_unmapped_edited.txt
    log: output/logfiles/chr19_phastCons60way_sarHar1_ThyCyn2.0_unmapped.log
    jobid: 12
    reason: Input files updated by another job: output/chr19_phastCons60way_sarHar1_ThyCyn2.0_unmapped.txt
    wildcards: path=output, target_species=ThyCyn2.0, chr=chr19, query=sarHar1
    resources: tmpdir=/tmp

[Sun Feb  1 18:56:36 2026]
Finished job 12.
8 of 58 steps (14%) done
Select jobs to execute...

[Sun Feb  1 18:56:36 2026]
rule format_unmapped:
    input: output/chr19_phastCons60way_sarHar1_ThyCyn2.0_unmapped_edited.txt, output/chr19_phastCons60way_sarHar1_liftover_edited.gtf
    output: output/chr19_phastCons60way_sarHar1_ThyCyn2.0_unmapped.gtf
    log: output/logfiles/chr19_phastCons60way_sarHar1_ThyCyn2.0_unmapped_format.log
    jobid: 11
    reason: Input files updated by another job: output/chr19_phastCons60way_sarHar1_ThyCyn2.0_unmapped_edited.txt, output/chr19_phastCons60way_sarHar1_liftover_edited.gtf
    wildcards: path=output, target_species=ThyCyn2.0, chr=chr19, query=sarHar1
    resources: tmpdir=/tmp

[Sun Feb  1 18:56:36 2026]
Finished job 11.
9 of 58 steps (16%) done
Select jobs to execute...
[Sun Feb  1 18:56:56 2026]
Finished job 36.
10 of 58 steps (17%) done

[Sun Feb  1 18:56:56 2026]
rule remap:
    input: output/chr19_phastCons60way_sarHar1_ThyCyn2.0_unmapped.gtf, data/features2.txt, data/genomes/sarHar1/sarHar1.fa, data/genomes/ThyCyn2.0_hybrid_assembly/UniMelb_ThyCyn2_0_hybrid_assembly.fsa, output/liftoff_intermediate
    output: output/chr19_phastCons60way_sarHar1_ThyCyn2.0_remapped.gtf, output/chr19_phastCons60way_sarHar1_ThyCyn2.0_remapfail.txt
    log: output/logfiles/chr19_phastCons60way_sarHar1_ThyCyn2.0_remapped.gtf.log
    jobid: 10
    reason: Input files updated by another job: output/chr19_phastCons60way_sarHar1_ThyCyn2.0_unmapped.gtf
    wildcards: path=output, target_species=ThyCyn2.0, chr=chr19, query=sarHar1
    resources: tmpdir=/tmp, exclusive=1


[Sun Feb  1 18:56:56 2026]
rule get_unmapped:
    input: output/chr19_phastCons60way_sarHar1_DasVivv1.0_unmapped.txt
    output: output/chr19_phastCons60way_sarHar1_DasVivv1.0_unmapped_edited.txt
    log: output/logfiles/chr19_phastCons60way_sarHar1_DasVivv1.0_unmapped.log
    jobid: 39
    reason: Input files updated by another job: output/chr19_phastCons60way_sarHar1_DasVivv1.0_unmapped.txt
    wildcards: path=output, target_species=DasVivv1.0, chr=chr19, query=sarHar1
    resources: tmpdir=/tmp

[Sun Feb  1 18:56:56 2026]
Finished job 39.
11 of 58 steps (19%) done
Select jobs to execute...

[Sun Feb  1 18:56:56 2026]
rule format_unmapped:
    input: output/chr19_phastCons60way_sarHar1_DasVivv1.0_unmapped_edited.txt, output/chr19_phastCons60way_sarHar1_liftover_edited.gtf
    output: output/chr19_phastCons60way_sarHar1_DasVivv1.0_unmapped.gtf
    log: output/logfiles/chr19_phastCons60way_sarHar1_DasVivv1.0_unmapped_format.log
    jobid: 38
    reason: Input files updated by another job: output/chr19_phastCons60way_sarHar1_DasVivv1.0_unmapped_edited.txt, output/chr19_phastCons60way_sarHar1_liftover_edited.gtf
    wildcards: path=output, target_species=DasVivv1.0, chr=chr19, query=sarHar1
    resources: tmpdir=/tmp

[Sun Feb  1 18:56:56 2026]
Finished job 38.
12 of 58 steps (21%) done
Select jobs to execute...
[Sun Feb  1 18:57:13 2026]
Finished job 10.
13 of 58 steps (22%) done

[Sun Feb  1 18:57:13 2026]
rule liftoff:
    input: output/chr19_phastCons60way_sarHar1_liftover_edited.gtf, data/features2.txt, data/genomes/sarHar1/sarHar1.fa, data/genomes/mMyrFas1/GCA_023553655.1_mMyrfas1.20211206_genomic.fna, output/liftoff_intermediate
    output: output/chr19_phastCons60way_sarHar1_mMyrFas1_mapped.gtf, output/chr19_phastCons60way_sarHar1_mMyrFas1_unmapped.txt
    log: output/logfiles/chr19_phastCons60way_sarHar1_mMyrFas1_mapped.gtf.log
    jobid: 45
    reason: Input files updated by another job: output/chr19_phastCons60way_sarHar1_liftover_edited.gtf
    wildcards: path=output, target_species=mMyrFas1, chr=chr19, query=sarHar1
    resources: tmpdir=/tmp, exclusive=1


[Sun Feb  1 18:57:13 2026]
rule combine_mapped:
    input: output/chr19_phastCons60way_sarHar1_ThyCyn2.0_mapped.gtf, output/chr19_phastCons60way_sarHar1_ThyCyn2.0_remapped.gtf
    output: output/chr19_phastCons60way_sarHar1_ThyCyn2.0_combined.gtf
    log: output/logfiles/chr19_phastCons60way_liftoff_sarHar1_ThyCyn2.0.mapped.bed.log
    jobid: 5
    reason: Input files updated by another job: output/chr19_phastCons60way_sarHar1_ThyCyn2.0_remapped.gtf, output/chr19_phastCons60way_sarHar1_ThyCyn2.0_mapped.gtf
    wildcards: path=output, target_species=ThyCyn2.0, chr=chr19, query=sarHar1
    resources: tmpdir=/tmp

[Sun Feb  1 18:57:13 2026]
Finished job 5.
14 of 58 steps (24%) done
Select jobs to execute...

[Sun Feb  1 18:57:13 2026]
rule gtf2bed:
    input: output/chr19_phastCons60way_sarHar1_ThyCyn2.0_combined.gtf
    output: output/chr19_phastCons60way_liftoff_sarHar1_ThyCyn2.0_mapped.bed
    log: output/logfiles/chr19_phastCons60way_liftoff_sarHar1_ThyCyn2.0.mapped.bed.log
    jobid: 4
    reason: Input files updated by another job: output/chr19_phastCons60way_sarHar1_ThyCyn2.0_combined.gtf
    wildcards: path=output, target_species=ThyCyn2.0, chr=chr19, query=sarHar1
    resources: tmpdir=/tmp

[Sun Feb  1 18:57:13 2026]
Finished job 4.
15 of 58 steps (26%) done
Select jobs to execute...

[Sun Feb  1 18:57:13 2026]
rule clean_bedfile:
    input: output/chr19_phastCons60way_liftoff_sarHar1_ThyCyn2.0_mapped.bed
    output: output/chr19_phastCons60way_liftoff_sarHar1_ThyCyn2.0_mapped_cleaned.bed
    log: output/logfiles/chr19_phastCons60way_liftoff_sarHar1_ThyCyn2.0.mapped.bed.log
    jobid: 3
    reason: Input files updated by another job: output/chr19_phastCons60way_liftoff_sarHar1_ThyCyn2.0_mapped.bed
    wildcards: path=output, target_species=ThyCyn2.0, chr=chr19, query=sarHar1
    resources: tmpdir=/tmp

[Sun Feb  1 18:57:13 2026]
Error in rule clean_bedfile:
    jobid: 3
    input: output/chr19_phastCons60way_liftoff_sarHar1_ThyCyn2.0_mapped.bed
    output: output/chr19_phastCons60way_liftoff_sarHar1_ThyCyn2.0_mapped_cleaned.bed
    log: output/logfiles/chr19_phastCons60way_liftoff_sarHar1_ThyCyn2.0.mapped.bed.log (check log file(s) for error details)
    shell:
        
    Rscript scripts/bedClean.R output/chr19_phastCons60way_liftoff_sarHar1_ThyCyn2.0_mapped.bed output/chr19_phastCons60way_liftoff_sarHar1_ThyCyn2.0_mapped_cleaned.bed 2> output/logfiles/chr19_phastCons60way_liftoff_sarHar1_ThyCyn2.0.mapped.bed.log
    
        (one of the commands exited with non-zero exit code; note that snakemake uses bash strict mode!)

[Sun Feb  1 18:57:34 2026]
Finished job 45.
16 of 58 steps (28%) done
Shutting down, this might take some time.
Exiting because a job execution failed. Look above for error message
Complete log: .snakemake/log/2026-02-01T185551.641147.snakemake.log
