Building DAG of jobs...
Using shell: /usr/bin/bash
Provided cores: 6
Rules claiming more threads will be scaled down.
Provided resources: exclusive=1
Job stats:
job                count
---------------  -------
bed2gtf                1
clean_bedfile          1
combine_mapped         1
editgtf                1
finish                 1
format_unmapped        1
get_fasta              1
get_unmapped           1
gtf2bed                1
liftoff                1
liftover               1
remap                  1
split_fasta            1
total                 13

Select jobs to execute...

[Sun Feb  8 17:47:46 2026]
rule liftover:
    input: data/chain_files/mm10ToCanFam3.over.chain.gz, data/mm10/chr19_60way_most_conserved_merged_size_edited.bed
    output: output/chr19_phastCons60way_canFam3_liftover.bed, output/chr19_phastCons60way_canFam3_unlifted.bed
    log: output/logfiles/chr19_phastCons60way_canFam3_liftover.log
    jobid: 9
    reason: Set of input files has changed since last execution
    wildcards: path=output, chr=chr19, query=canFam3
    resources: tmpdir=/tmp

[Sun Feb  8 17:48:12 2026]
Finished job 9.
1 of 13 steps (8%) done
Select jobs to execute...

[Sun Feb  8 17:48:12 2026]
rule bed2gtf:
    input: output/chr19_phastCons60way_canFam3_liftover.bed
    output: output/chr19_phastCons60way_canFam3_liftover.gtf
    log: output/logfiles/chr19_phastCons60way_canFam3.gtf.log
    jobid: 8
    reason: Input files updated by another job: output/chr19_phastCons60way_canFam3_liftover.bed
    wildcards: path=output, chr=chr19, query=canFam3
    resources: tmpdir=/tmp

[Sun Feb  8 17:48:12 2026]
Finished job 8.
2 of 13 steps (15%) done
Select jobs to execute...

[Sun Feb  8 17:48:12 2026]
rule editgtf:
    input: output/chr19_phastCons60way_canFam3_liftover.gtf
    output: output/chr19_phastCons60way_canFam3_liftover_edited.gtf
    log: output/logfiles/chr19_phastCons60way_canFam3_edited.gtf.log
    jobid: 7
    reason: Input files updated by another job: output/chr19_phastCons60way_canFam3_liftover.gtf
    wildcards: path=output, chr=chr19, query=canFam3
    resources: tmpdir=/tmp

[Sun Feb  8 17:48:12 2026]
Finished job 7.
3 of 13 steps (23%) done
Select jobs to execute...

[Sun Feb  8 17:48:12 2026]
rule liftoff:
    input: output/chr19_phastCons60way_canFam3_liftover_edited.gtf, data/features2.txt, data/genomes/canFam3/canFam3.fa, data/genomes/VulVul.2/GCF_003160815.1_VulVul2.2_genomic.fna, output/liftoff_intermediate
    output: output/chr19_phastCons60way_canFam3_VulVul.2_mapped.gtf, output/chr19_phastCons60way_canFam3_VulVul.2_unmapped.txt
    log: output/logfiles/chr19_phastCons60way_canFam3_VulVul.2_mapped.gtf.log
    jobid: 6
    reason: Missing output files: output/chr19_phastCons60way_canFam3_VulVul.2_mapped.gtf, output/chr19_phastCons60way_canFam3_VulVul.2_unmapped.txt; Input files updated by another job: output/chr19_phastCons60way_canFam3_liftover_edited.gtf
    wildcards: path=output, target_species=VulVul.2, chr=chr19, query=canFam3
    resources: tmpdir=/tmp, exclusive=1

[Sun Feb  8 17:50:17 2026]
Finished job 6.
4 of 13 steps (31%) done
Select jobs to execute...

[Sun Feb  8 17:50:17 2026]
rule get_unmapped:
    input: output/chr19_phastCons60way_canFam3_VulVul.2_unmapped.txt
    output: output/chr19_phastCons60way_canFam3_VulVul.2_unmapped_edited.txt
    log: output/logfiles/chr19_phastCons60way_canFam3_VulVul.2_unmapped.log
    jobid: 12
    reason: Missing output files: output/chr19_phastCons60way_canFam3_VulVul.2_unmapped_edited.txt; Input files updated by another job: output/chr19_phastCons60way_canFam3_VulVul.2_unmapped.txt
    wildcards: path=output, target_species=VulVul.2, chr=chr19, query=canFam3
    resources: tmpdir=/tmp

[Sun Feb  8 17:50:17 2026]
Finished job 12.
5 of 13 steps (38%) done
Select jobs to execute...

[Sun Feb  8 17:50:17 2026]
rule format_unmapped:
    input: output/chr19_phastCons60way_canFam3_VulVul.2_unmapped_edited.txt, output/chr19_phastCons60way_canFam3_liftover_edited.gtf
    output: output/chr19_phastCons60way_canFam3_VulVul.2_unmapped.gtf
    log: output/logfiles/chr19_phastCons60way_canFam3_VulVul.2_unmapped_format.log
    jobid: 11
    reason: Missing output files: output/chr19_phastCons60way_canFam3_VulVul.2_unmapped.gtf; Input files updated by another job: output/chr19_phastCons60way_canFam3_liftover_edited.gtf, output/chr19_phastCons60way_canFam3_VulVul.2_unmapped_edited.txt
    wildcards: path=output, target_species=VulVul.2, chr=chr19, query=canFam3
    resources: tmpdir=/tmp

[Sun Feb  8 17:50:17 2026]
Finished job 11.
6 of 13 steps (46%) done
Select jobs to execute...

[Sun Feb  8 17:50:17 2026]
rule remap:
    input: output/chr19_phastCons60way_canFam3_VulVul.2_unmapped.gtf, data/features2.txt, data/genomes/canFam3/canFam3.fa, data/genomes/VulVul.2/GCF_003160815.1_VulVul2.2_genomic.fna, output/liftoff_intermediate
    output: output/chr19_phastCons60way_canFam3_VulVul.2_remapped.gtf, output/chr19_phastCons60way_canFam3_VulVul.2_remapfail.txt
    log: output/logfiles/chr19_phastCons60way_canFam3_VulVul.2_remapped.gtf.log
    jobid: 10
    reason: Missing output files: output/chr19_phastCons60way_canFam3_VulVul.2_remapped.gtf; Input files updated by another job: output/chr19_phastCons60way_canFam3_VulVul.2_unmapped.gtf
    wildcards: path=output, target_species=VulVul.2, chr=chr19, query=canFam3
    resources: tmpdir=/tmp, exclusive=1

[Sun Feb  8 17:50:31 2026]
Finished job 10.
7 of 13 steps (54%) done
Select jobs to execute...

[Sun Feb  8 17:50:31 2026]
rule combine_mapped:
    input: output/chr19_phastCons60way_canFam3_VulVul.2_mapped.gtf, output/chr19_phastCons60way_canFam3_VulVul.2_remapped.gtf
    output: output/chr19_phastCons60way_canFam3_VulVul.2_combined.gtf
    log: output/logfiles/chr19_phastCons60way_liftoff_canFam3_VulVul.2.mapped.bed.log
    jobid: 5
    reason: Missing output files: output/chr19_phastCons60way_canFam3_VulVul.2_combined.gtf; Input files updated by another job: output/chr19_phastCons60way_canFam3_VulVul.2_mapped.gtf, output/chr19_phastCons60way_canFam3_VulVul.2_remapped.gtf
    wildcards: path=output, target_species=VulVul.2, chr=chr19, query=canFam3
    resources: tmpdir=/tmp

[Sun Feb  8 17:50:31 2026]
Finished job 5.
8 of 13 steps (62%) done
Select jobs to execute...

[Sun Feb  8 17:50:31 2026]
rule gtf2bed:
    input: output/chr19_phastCons60way_canFam3_VulVul.2_combined.gtf
    output: output/chr19_phastCons60way_liftoff_canFam3_VulVul.2_mapped.bed
    log: output/logfiles/chr19_phastCons60way_liftoff_canFam3_VulVul.2.mapped.bed.log
    jobid: 4
    reason: Missing output files: output/chr19_phastCons60way_liftoff_canFam3_VulVul.2_mapped.bed; Input files updated by another job: output/chr19_phastCons60way_canFam3_VulVul.2_combined.gtf
    wildcards: path=output, target_species=VulVul.2, chr=chr19, query=canFam3
    resources: tmpdir=/tmp

[Sun Feb  8 17:50:32 2026]
Finished job 4.
9 of 13 steps (69%) done
Select jobs to execute...

[Sun Feb  8 17:50:32 2026]
rule clean_bedfile:
    input: output/chr19_phastCons60way_liftoff_canFam3_VulVul.2_mapped.bed
    output: output/chr19_phastCons60way_liftoff_canFam3_VulVul.2_mapped_cleaned.bed
    log: output/logfiles/chr19_phastCons60way_liftoff_canFam3_VulVul.2.mapped.bed.log
    jobid: 3
    reason: Missing output files: output/chr19_phastCons60way_liftoff_canFam3_VulVul.2_mapped_cleaned.bed; Input files updated by another job: output/chr19_phastCons60way_liftoff_canFam3_VulVul.2_mapped.bed
    wildcards: path=output, target_species=VulVul.2, chr=chr19, query=canFam3
    resources: tmpdir=/tmp

[Sun Feb  8 17:50:34 2026]
Finished job 3.
10 of 13 steps (77%) done
Select jobs to execute...

[Sun Feb  8 17:50:34 2026]
rule get_fasta:
    input: output/chr19_phastCons60way_liftoff_canFam3_VulVul.2_mapped_cleaned.bed, data/genomes/VulVul.2/GCF_003160815.1_VulVul2.2_genomic.fna, data/genomes/VulVul.2/GCF_003160815.1_VulVul2.2_genomic.fna.fai
    output: output/chr19_phastCons60way_liftoff_canFam3_VulVul.2_mapped_cleaned.fa
    log: output/logfiles/chr19_phastCons60way_liftoff_canFam3_VulVul.2_mapped_cleaned_filtered.fa
    jobid: 2
    reason: Missing output files: output/chr19_phastCons60way_liftoff_canFam3_VulVul.2_mapped_cleaned.fa; Input files updated by another job: output/chr19_phastCons60way_liftoff_canFam3_VulVul.2_mapped_cleaned.bed
    wildcards: path=output, target_species=VulVul.2, chr=chr19, query=canFam3
    resources: tmpdir=/tmp

[Sun Feb  8 17:50:35 2026]
Finished job 2.
11 of 13 steps (85%) done
Select jobs to execute...

[Sun Feb  8 17:50:35 2026]
rule split_fasta:
    input: output/chr19_phastCons60way_liftoff_canFam3_VulVul.2_mapped_cleaned.fa, output/VulVul.2
    output: output/VulVul.2/chr19_canFam3_VulVul.2_list.txt
    log: output/logfiles/chr19_canFam3_VulVul.2_faSplit.log
    jobid: 1
    reason: Missing output files: output/VulVul.2/chr19_canFam3_VulVul.2_list.txt; Input files updated by another job: output/chr19_phastCons60way_liftoff_canFam3_VulVul.2_mapped_cleaned.fa
    wildcards: path=output, target_species=VulVul.2, chr=chr19, query=canFam3
    resources: tmpdir=/tmp

[Sun Feb  8 17:51:12 2026]
Finished job 1.
12 of 13 steps (92%) done
Select jobs to execute...

[Sun Feb  8 17:51:12 2026]
rule finish:
    input: output/VulVul.2/chr19_canFam3_VulVul.2_list.txt
    output: output/canFam3_workflow_summary.txt, output/canFam3_regions_list.txt
    log: output/logfiles/canFam3_finish.log
    jobid: 0
    reason: Input files updated by another job: output/VulVul.2/chr19_canFam3_VulVul.2_list.txt
    wildcards: path=output, query=canFam3
    resources: tmpdir=/tmp

[Sun Feb  8 17:51:14 2026]
Finished job 0.
13 of 13 steps (100%) done
Complete log: .snakemake/log/2026-02-08T174742.407786.snakemake.log
