Building DAG of jobs...
Using shell: /usr/bin/bash
Provided cores: 1 (use --cores to define parallelism)
Rules claiming more threads will be scaled down.
Provided resources: exclusive=1
Job stats:
job                count
---------------  -------
clean_bedfile          1
combine_mapped         1
finish                 1
format_unmapped        1
get_fasta              1
get_unmapped           1
gtf2bed                1
liftoff                1
remap                  1
split_fasta            1
total                 10

Select jobs to execute...

[Sun Feb  8 13:31:15 2026]
rule liftoff:
    input: output/chr19_phastCons60way_bosTau7_liftover_edited.gtf, data/features2.txt, data/genomes/bosTau7/bosTau7.fa, data/genomes/BosGru3.1/GCA_005887515.3_BosGru3.1_genomic.fna, output/liftoff_intermediate
    output: output/chr19_phastCons60way_bosTau7_BosGru3.1_mapped.gtf, output/chr19_phastCons60way_bosTau7_BosGru3.1_unmapped.txt
    log: output/logfiles/chr19_phastCons60way_bosTau7_BosGru3.1_mapped.gtf.log
    jobid: 6
    reason: Missing output files: output/chr19_phastCons60way_bosTau7_BosGru3.1_unmapped.txt, output/chr19_phastCons60way_bosTau7_BosGru3.1_mapped.gtf
    wildcards: path=output, target_species=BosGru3.1, chr=chr19, query=bosTau7
    resources: tmpdir=/tmp, exclusive=1

[Sun Feb  8 13:33:39 2026]
Finished job 6.
1 of 10 steps (10%) done
Select jobs to execute...

[Sun Feb  8 13:33:39 2026]
rule get_unmapped:
    input: output/chr19_phastCons60way_bosTau7_BosGru3.1_unmapped.txt
    output: output/chr19_phastCons60way_bosTau7_BosGru3.1_unmapped_edited.txt
    log: output/logfiles/chr19_phastCons60way_bosTau7_BosGru3.1_unmapped.log
    jobid: 12
    reason: Missing output files: output/chr19_phastCons60way_bosTau7_BosGru3.1_unmapped_edited.txt; Input files updated by another job: output/chr19_phastCons60way_bosTau7_BosGru3.1_unmapped.txt
    wildcards: path=output, target_species=BosGru3.1, chr=chr19, query=bosTau7
    resources: tmpdir=/tmp

[Sun Feb  8 13:33:39 2026]
Finished job 12.
2 of 10 steps (20%) done
Select jobs to execute...

[Sun Feb  8 13:33:39 2026]
rule format_unmapped:
    input: output/chr19_phastCons60way_bosTau7_BosGru3.1_unmapped_edited.txt, output/chr19_phastCons60way_bosTau7_liftover_edited.gtf
    output: output/chr19_phastCons60way_bosTau7_BosGru3.1_unmapped.gtf
    log: output/logfiles/chr19_phastCons60way_bosTau7_BosGru3.1_unmapped_format.log
    jobid: 11
    reason: Missing output files: output/chr19_phastCons60way_bosTau7_BosGru3.1_unmapped.gtf; Input files updated by another job: output/chr19_phastCons60way_bosTau7_BosGru3.1_unmapped_edited.txt
    wildcards: path=output, target_species=BosGru3.1, chr=chr19, query=bosTau7
    resources: tmpdir=/tmp

[Sun Feb  8 13:33:39 2026]
Finished job 11.
3 of 10 steps (30%) done
Select jobs to execute...

[Sun Feb  8 13:33:39 2026]
rule remap:
    input: output/chr19_phastCons60way_bosTau7_BosGru3.1_unmapped.gtf, data/features2.txt, data/genomes/bosTau7/bosTau7.fa, data/genomes/BosGru3.1/GCA_005887515.3_BosGru3.1_genomic.fna, output/liftoff_intermediate
    output: output/chr19_phastCons60way_bosTau7_BosGru3.1_remapped.gtf, output/chr19_phastCons60way_bosTau7_BosGru3.1_remapfail.txt
    log: output/logfiles/chr19_phastCons60way_bosTau7_BosGru3.1_remapped.gtf.log
    jobid: 10
    reason: Missing output files: output/chr19_phastCons60way_bosTau7_BosGru3.1_remapped.gtf; Input files updated by another job: output/chr19_phastCons60way_bosTau7_BosGru3.1_unmapped.gtf
    wildcards: path=output, target_species=BosGru3.1, chr=chr19, query=bosTau7
    resources: tmpdir=/tmp, exclusive=1

[Sun Feb  8 13:33:53 2026]
Finished job 10.
4 of 10 steps (40%) done
Select jobs to execute...

[Sun Feb  8 13:33:53 2026]
rule combine_mapped:
    input: output/chr19_phastCons60way_bosTau7_BosGru3.1_mapped.gtf, output/chr19_phastCons60way_bosTau7_BosGru3.1_remapped.gtf
    output: output/chr19_phastCons60way_bosTau7_BosGru3.1_combined.gtf
    log: output/logfiles/chr19_phastCons60way_liftoff_bosTau7_BosGru3.1.mapped.bed.log
    jobid: 5
    reason: Missing output files: output/chr19_phastCons60way_bosTau7_BosGru3.1_combined.gtf; Input files updated by another job: output/chr19_phastCons60way_bosTau7_BosGru3.1_mapped.gtf, output/chr19_phastCons60way_bosTau7_BosGru3.1_remapped.gtf
    wildcards: path=output, target_species=BosGru3.1, chr=chr19, query=bosTau7
    resources: tmpdir=/tmp

[Sun Feb  8 13:33:53 2026]
Finished job 5.
5 of 10 steps (50%) done
Select jobs to execute...

[Sun Feb  8 13:33:53 2026]
rule gtf2bed:
    input: output/chr19_phastCons60way_bosTau7_BosGru3.1_combined.gtf
    output: output/chr19_phastCons60way_liftoff_bosTau7_BosGru3.1_mapped.bed
    log: output/logfiles/chr19_phastCons60way_liftoff_bosTau7_BosGru3.1.mapped.bed.log
    jobid: 4
    reason: Missing output files: output/chr19_phastCons60way_liftoff_bosTau7_BosGru3.1_mapped.bed; Input files updated by another job: output/chr19_phastCons60way_bosTau7_BosGru3.1_combined.gtf
    wildcards: path=output, target_species=BosGru3.1, chr=chr19, query=bosTau7
    resources: tmpdir=/tmp

[Sun Feb  8 13:33:53 2026]
Finished job 4.
6 of 10 steps (60%) done
Select jobs to execute...

[Sun Feb  8 13:33:53 2026]
rule clean_bedfile:
    input: output/chr19_phastCons60way_liftoff_bosTau7_BosGru3.1_mapped.bed
    output: output/chr19_phastCons60way_liftoff_bosTau7_BosGru3.1_mapped_cleaned.bed
    log: output/logfiles/chr19_phastCons60way_liftoff_bosTau7_BosGru3.1.mapped.bed.log
    jobid: 3
    reason: Missing output files: output/chr19_phastCons60way_liftoff_bosTau7_BosGru3.1_mapped_cleaned.bed; Input files updated by another job: output/chr19_phastCons60way_liftoff_bosTau7_BosGru3.1_mapped.bed
    wildcards: path=output, target_species=BosGru3.1, chr=chr19, query=bosTau7
    resources: tmpdir=/tmp

[Sun Feb  8 13:33:59 2026]
Finished job 3.
7 of 10 steps (70%) done
Select jobs to execute...

[Sun Feb  8 13:33:59 2026]
rule get_fasta:
    input: output/chr19_phastCons60way_liftoff_bosTau7_BosGru3.1_mapped_cleaned.bed, data/genomes/BosGru3.1/GCA_005887515.3_BosGru3.1_genomic.fna, data/genomes/BosGru3.1/GCA_005887515.3_BosGru3.1_genomic.fna.fai
    output: output/chr19_phastCons60way_liftoff_bosTau7_BosGru3.1_mapped_cleaned.fa
    log: output/logfiles/chr19_phastCons60way_liftoff_bosTau7_BosGru3.1_mapped_cleaned_filtered.fa
    jobid: 2
    reason: Missing output files: output/chr19_phastCons60way_liftoff_bosTau7_BosGru3.1_mapped_cleaned.fa; Input files updated by another job: output/chr19_phastCons60way_liftoff_bosTau7_BosGru3.1_mapped_cleaned.bed
    wildcards: path=output, target_species=BosGru3.1, chr=chr19, query=bosTau7
    resources: tmpdir=/tmp

[Sun Feb  8 13:33:59 2026]
Finished job 2.
8 of 10 steps (80%) done
Select jobs to execute...

[Sun Feb  8 13:33:59 2026]
rule split_fasta:
    input: output/chr19_phastCons60way_liftoff_bosTau7_BosGru3.1_mapped_cleaned.fa, output/BosGru3.1
    output: output/BosGru3.1/chr19_bosTau7_BosGru3.1_list.txt
    log: output/logfiles/chr19_bosTau7_BosGru3.1_faSplit.log
    jobid: 1
    reason: Missing output files: output/BosGru3.1/chr19_bosTau7_BosGru3.1_list.txt; Input files updated by another job: output/chr19_phastCons60way_liftoff_bosTau7_BosGru3.1_mapped_cleaned.fa
    wildcards: path=output, target_species=BosGru3.1, chr=chr19, query=bosTau7
    resources: tmpdir=/tmp

[Sun Feb  8 13:34:29 2026]
Finished job 1.
9 of 10 steps (90%) done
Select jobs to execute...

[Sun Feb  8 13:34:29 2026]
rule finish:
    input: output/BosGru3.1/chr19_bosTau7_BosGru3.1_list.txt
    output: output/bosTau7_workflow_summary.txt, output/bosTau7_regions_list.txt
    log: output/logfiles/bosTau7_finish.log
    jobid: 0
    reason: Missing output files: output/bosTau7_workflow_summary.txt; Input files updated by another job: output/BosGru3.1/chr19_bosTau7_BosGru3.1_list.txt
    wildcards: path=output, query=bosTau7
    resources: tmpdir=/tmp

[Sun Feb  8 13:34:34 2026]
Error in rule finish:
    jobid: 0
    input: output/BosGru3.1/chr19_bosTau7_BosGru3.1_list.txt
    output: output/bosTau7_workflow_summary.txt, output/bosTau7_regions_list.txt
    log: output/logfiles/bosTau7_finish.log (check log file(s) for error details)
    shell:
        
    Rscript scripts/summary.R output/BosGru3.1/chr19_bosTau7_BosGru3.1_list.txt output/bosTau7_workflow_summary.txt output/bosTau7_regions_list.txt 2> output/logfiles/bosTau7_finish.log
    
        (one of the commands exited with non-zero exit code; note that snakemake uses bash strict mode!)

Shutting down, this might take some time.
Exiting because a job execution failed. Look above for error message
Complete log: .snakemake/log/2026-02-08T133109.420945.snakemake.log
