Building DAG of jobs...
Using shell: /usr/bin/bash
Provided cores: 1 (use --cores to define parallelism)
Rules claiming more threads will be scaled down.
Job stats:
job            count
-----------  -------
finish             1
split_fasta        6
total              7

Select jobs to execute...

[Sun Feb  1 17:36:43 2026]
rule split_fasta:
    input: output/chr19_phastCons60way_liftoff_sarHar1_mSarHar1.11_mapped_cleaned.fa, output/mSarHar1.11
    output: output/mSarHar1.11/chr19_sarHar1_mSarHar1.11_list.txt
    log: output/logfiles/chr19_sarHar1_mSarHar1.11_faSplit.log
    jobid: 13
    reason: Missing output files: output/mSarHar1.11/chr19_sarHar1_mSarHar1.11_list.txt; Code has changed since last execution
    wildcards: path=output, target_species=mSarHar1.11, chr=chr19, query=sarHar1
    resources: tmpdir=/tmp

[Sun Feb  1 17:40:06 2026]
Finished job 13.
1 of 7 steps (14%) done
Select jobs to execute...

[Sun Feb  1 17:40:06 2026]
rule split_fasta:
    input: output/chr19_phastCons60way_liftoff_sarHar1_AStuM_mapped_cleaned.fa, output/AStuM
    output: output/AStuM/chr19_sarHar1_AStuM_list.txt
    log: output/logfiles/chr19_sarHar1_AStuM_faSplit.log
    jobid: 22
    reason: Missing output files: output/AStuM/chr19_sarHar1_AStuM_list.txt; Code has changed since last execution
    wildcards: path=output, target_species=AStuM, chr=chr19, query=sarHar1
    resources: tmpdir=/tmp

[Sun Feb  1 17:43:29 2026]
Finished job 22.
2 of 7 steps (29%) done
Select jobs to execute...

[Sun Feb  1 17:43:29 2026]
rule split_fasta:
    input: output/chr19_phastCons60way_liftoff_sarHar1_mDroGli1_mapped_cleaned.fa, output/mDroGli1
    output: output/mDroGli1/chr19_sarHar1_mDroGli1_list.txt
    log: output/logfiles/chr19_sarHar1_mDroGli1_faSplit.log
    jobid: 49
    reason: Missing output files: output/mDroGli1/chr19_sarHar1_mDroGli1_list.txt; Code has changed since last execution
    wildcards: path=output, target_species=mDroGli1, chr=chr19, query=sarHar1
    resources: tmpdir=/tmp

[Sun Feb  1 17:46:02 2026]
Finished job 49.
3 of 7 steps (43%) done
Select jobs to execute...

[Sun Feb  1 17:46:02 2026]
rule split_fasta:
    input: output/chr19_phastCons60way_liftoff_sarHar1_mMyrFas1_mapped_cleaned.fa, output/mMyrFas1
    output: output/mMyrFas1/chr19_sarHar1_mMyrFas1_list.txt
    log: output/logfiles/chr19_sarHar1_mMyrFas1_faSplit.log
    jobid: 40
    reason: Missing output files: output/mMyrFas1/chr19_sarHar1_mMyrFas1_list.txt; Code has changed since last execution
    wildcards: path=output, target_species=mMyrFas1, chr=chr19, query=sarHar1
    resources: tmpdir=/tmp

[Sun Feb  1 17:49:09 2026]
Finished job 40.
4 of 7 steps (57%) done
Select jobs to execute...

[Sun Feb  1 17:49:09 2026]
rule split_fasta:
    input: output/chr19_phastCons60way_liftoff_sarHar1_ThyCyn2.0_mapped_cleaned.fa, output/ThyCyn2.0
    output: output/ThyCyn2.0/chr19_sarHar1_ThyCyn2.0_list.txt
    log: output/logfiles/chr19_sarHar1_ThyCyn2.0_faSplit.log
    jobid: 1
    reason: Missing output files: output/ThyCyn2.0/chr19_sarHar1_ThyCyn2.0_list.txt; Code has changed since last execution
    wildcards: path=output, target_species=ThyCyn2.0, chr=chr19, query=sarHar1
    resources: tmpdir=/tmp

[Sun Feb  1 17:52:12 2026]
Finished job 1.
5 of 7 steps (71%) done
Select jobs to execute...

[Sun Feb  1 17:52:12 2026]
rule split_fasta:
    input: output/chr19_phastCons60way_liftoff_sarHar1_DasVivv1.0_mapped_cleaned.fa, output/DasVivv1.0
    output: output/DasVivv1.0/chr19_sarHar1_DasVivv1.0_list.txt
    log: output/logfiles/chr19_sarHar1_DasVivv1.0_faSplit.log
    jobid: 31
    reason: Missing output files: output/DasVivv1.0/chr19_sarHar1_DasVivv1.0_list.txt; Code has changed since last execution
    wildcards: path=output, target_species=DasVivv1.0, chr=chr19, query=sarHar1
    resources: tmpdir=/tmp

[Sun Feb  1 17:55:37 2026]
Finished job 31.
6 of 7 steps (86%) done
Select jobs to execute...

[Sun Feb  1 17:55:37 2026]
rule finish:
    input: output/ThyCyn2.0/chr19_sarHar1_ThyCyn2.0_list.txt, output/mSarHar1.11/chr19_sarHar1_mSarHar1.11_list.txt, output/AStuM/chr19_sarHar1_AStuM_list.txt, output/DasVivv1.0/chr19_sarHar1_DasVivv1.0_list.txt, output/mMyrFas1/chr19_sarHar1_mMyrFas1_list.txt, output/mDroGli1/chr19_sarHar1_mDroGli1_list.txt
    output: output/sarHar1_workflow_summary.txt, output/sarHar1_regions_list.txt
    log: output/logfiles/sarHar1_finish.log
    jobid: 0
    reason: Input files updated by another job: output/ThyCyn2.0/chr19_sarHar1_ThyCyn2.0_list.txt, output/mMyrFas1/chr19_sarHar1_mMyrFas1_list.txt, output/DasVivv1.0/chr19_sarHar1_DasVivv1.0_list.txt, output/mSarHar1.11/chr19_sarHar1_mSarHar1.11_list.txt, output/mDroGli1/chr19_sarHar1_mDroGli1_list.txt, output/AStuM/chr19_sarHar1_AStuM_list.txt
    wildcards: path=output, query=sarHar1
    resources: tmpdir=/tmp

[Sun Feb  1 17:55:38 2026]
Finished job 0.
7 of 7 steps (100%) done
Complete log: .snakemake/log/2026-02-01T173641.888532.snakemake.log
