Building DAG of jobs...
Using shell: /usr/bin/bash
Provided cores: 6
Rules claiming more threads will be scaled down.
Provided resources: exclusive=1
Job stats:
job                count
---------------  -------
clean_bedfile          1
combine_mapped         1
finish                 1
format_unmapped        1
get_fasta              1
get_unmapped           1
gtf2bed                1
liftoff                1
remap                  1
split_fasta            1
total                 10

Select jobs to execute...

[Sun Feb  8 17:46:45 2026]
rule liftoff:
    input: output/chr19_phastCons60way_canFam3_liftover_edited.gtf, data/features2.txt, data/genomes/canFam3/canFam3.fa, data/genomes/VulVul.2/GCF_003160815.1_VulVul2.2_genomic.fna, output/liftoff_intermediate
    output: output/chr19_phastCons60way_canFam3_VulVul.2_mapped.gtf, output/chr19_phastCons60way_canFam3_VulVul.2_unmapped.txt
    log: output/logfiles/chr19_phastCons60way_canFam3_VulVul.2_mapped.gtf.log
    jobid: 6
    reason: Missing output files: output/chr19_phastCons60way_canFam3_VulVul.2_mapped.gtf, output/chr19_phastCons60way_canFam3_VulVul.2_unmapped.txt
    wildcards: path=output, target_species=VulVul.2, chr=chr19, query=canFam3
    resources: tmpdir=/tmp, exclusive=1

[Sun Feb  8 17:46:53 2026]
Error in rule liftoff:
    jobid: 6
    input: output/chr19_phastCons60way_canFam3_liftover_edited.gtf, data/features2.txt, data/genomes/canFam3/canFam3.fa, data/genomes/VulVul.2/GCF_003160815.1_VulVul2.2_genomic.fna, output/liftoff_intermediate
    output: output/chr19_phastCons60way_canFam3_VulVul.2_mapped.gtf, output/chr19_phastCons60way_canFam3_VulVul.2_unmapped.txt
    log: output/logfiles/chr19_phastCons60way_canFam3_VulVul.2_mapped.gtf.log (check log file(s) for error details)
    shell:
        
    liftoff -g output/chr19_phastCons60way_canFam3_liftover_edited.gtf -f data/features2.txt -exclude_partial -dir output/liftoff_intermediate  -flank 0 data/genomes/VulVul.2/GCF_003160815.1_VulVul2.2_genomic.fna data/genomes/canFam3/canFam3.fa -o output/chr19_phastCons60way_canFam3_VulVul.2_mapped.gtf -u output/chr19_phastCons60way_canFam3_VulVul.2_unmapped.txt  2> output/logfiles/chr19_phastCons60way_canFam3_VulVul.2_mapped.gtf.log
    
        (one of the commands exited with non-zero exit code; note that snakemake uses bash strict mode!)

Shutting down, this might take some time.
Exiting because a job execution failed. Look above for error message
Complete log: .snakemake/log/2026-02-08T174643.768776.snakemake.log
