Building DAG of jobs...
Using shell: /usr/bin/bash
Provided cores: 1 (use --cores to define parallelism)
Rules claiming more threads will be scaled down.
Provided resources: exclusive=1
Job stats:
job                count
---------------  -------
clean_bedfile          1
combine_mapped         1
finish                 1
format_unmapped        1
get_fasta              1
get_unmapped           1
gtf2bed                1
liftoff                1
remap                  1
split_fasta            1
total                 10

Select jobs to execute...

[Sun Feb  8 13:12:38 2026]
rule liftoff:
    input: output/chr19_phastCons60way_bosTau7_liftover_edited.gtf, data/features2.txt, data/genomes/bosTau7/GCF_000003205.5_Btau_4.6.1_genomic.fna, data/genomes/BosGru3.1/GCA_005887515.3_BosGru3.1_genomic.fna, output/liftoff_intermediate
    output: output/chr19_phastCons60way_bosTau7_BosGru3.1_mapped.gtf, output/chr19_phastCons60way_bosTau7_BosGru3.1_unmapped.txt
    log: output/logfiles/chr19_phastCons60way_bosTau7_BosGru3.1_mapped.gtf.log
    jobid: 6
    reason: Missing output files: output/chr19_phastCons60way_bosTau7_BosGru3.1_unmapped.txt, output/chr19_phastCons60way_bosTau7_BosGru3.1_mapped.gtf
    wildcards: path=output, target_species=BosGru3.1, chr=chr19, query=bosTau7
    resources: tmpdir=/tmp, exclusive=1

Terminating processes on user request, this might take some time.
[Sun Feb  8 13:12:39 2026]
Error in rule liftoff:
    jobid: 6
    input: output/chr19_phastCons60way_bosTau7_liftover_edited.gtf, data/features2.txt, data/genomes/bosTau7/GCF_000003205.5_Btau_4.6.1_genomic.fna, data/genomes/BosGru3.1/GCA_005887515.3_BosGru3.1_genomic.fna, output/liftoff_intermediate
    output: output/chr19_phastCons60way_bosTau7_BosGru3.1_mapped.gtf, output/chr19_phastCons60way_bosTau7_BosGru3.1_unmapped.txt
    log: output/logfiles/chr19_phastCons60way_bosTau7_BosGru3.1_mapped.gtf.log (check log file(s) for error details)
    shell:
        
    liftoff -g output/chr19_phastCons60way_bosTau7_liftover_edited.gtf -f data/features2.txt -exclude_partial -dir output/liftoff_intermediate  -flank 0 data/genomes/BosGru3.1/GCA_005887515.3_BosGru3.1_genomic.fna data/genomes/bosTau7/GCF_000003205.5_Btau_4.6.1_genomic.fna -o output/chr19_phastCons60way_bosTau7_BosGru3.1_mapped.gtf -u output/chr19_phastCons60way_bosTau7_BosGru3.1_unmapped.txt  2> output/logfiles/chr19_phastCons60way_bosTau7_BosGru3.1_mapped.gtf.log
    
        (one of the commands exited with non-zero exit code; note that snakemake uses bash strict mode!)

