Building DAG of jobs...
Using shell: /usr/bin/bash
Provided cores: 6
Rules claiming more threads will be scaled down.
Job stats:
job                count
---------------  -------
clean_bedfile          6
combine_mapped         6
finish                 1
format_unmapped        6
get_fasta              6
get_unmapped           6
gtf2bed                6
liftoff                6
remap                  6
split_fasta            6
total                 55

Select jobs to execute...

[Sun Feb  1 17:03:00 2026]
rule liftoff:
    input: output/chr19_phastCons60way_sarHar1_liftover_edited.gtf, data/features2.txt, data/genomes/sarHar1/sarHar1.fa, data/genomes/mSarHar1.11/Sarcophilus_harrisii.mSarHar1.11.dna.toplevel.fna, output/liftoff_intermediate
    output: output/chr19_phastCons60way_sarHar1_mSarHar1.11_mapped.gtf, output/chr19_phastCons60way_sarHar1_mSarHar1.11_unmapped.txt
    log: output/logfiles/chr19_phastCons60way_sarHar1_mSarHar1.11_mapped.gtf.log
    jobid: 18
    reason: Missing output files: output/chr19_phastCons60way_sarHar1_mSarHar1.11_mapped.gtf, output/chr19_phastCons60way_sarHar1_mSarHar1.11_unmapped.txt
    wildcards: path=output, target_species=mSarHar1.11, chr=chr19, query=sarHar1
    resources: tmpdir=/tmp


[Sun Feb  1 17:03:00 2026]
rule liftoff:
    input: output/chr19_phastCons60way_sarHar1_liftover_edited.gtf, data/features2.txt, data/genomes/sarHar1/sarHar1.fa, data/genomes/mDroGli1/GCF_019393635.1_mDroGli1.pri_genomic.fna, output/liftoff_intermediate
    output: output/chr19_phastCons60way_sarHar1_mDroGli1_mapped.gtf, output/chr19_phastCons60way_sarHar1_mDroGli1_unmapped.txt
    log: output/logfiles/chr19_phastCons60way_sarHar1_mDroGli1_mapped.gtf.log
    jobid: 54
    reason: Missing output files: output/chr19_phastCons60way_sarHar1_mDroGli1_mapped.gtf, output/chr19_phastCons60way_sarHar1_mDroGli1_unmapped.txt
    wildcards: path=output, target_species=mDroGli1, chr=chr19, query=sarHar1
    resources: tmpdir=/tmp


[Sun Feb  1 17:03:00 2026]
rule liftoff:
    input: output/chr19_phastCons60way_sarHar1_liftover_edited.gtf, data/features2.txt, data/genomes/sarHar1/sarHar1.fa, data/genomes/mMyrFas1/GCA_023553655.1_mMyrfas1.20211206_genomic.fna, output/liftoff_intermediate
    output: output/chr19_phastCons60way_sarHar1_mMyrFas1_mapped.gtf, output/chr19_phastCons60way_sarHar1_mMyrFas1_unmapped.txt
    log: output/logfiles/chr19_phastCons60way_sarHar1_mMyrFas1_mapped.gtf.log
    jobid: 45
    reason: Missing output files: output/chr19_phastCons60way_sarHar1_mMyrFas1_unmapped.txt, output/chr19_phastCons60way_sarHar1_mMyrFas1_mapped.gtf
    wildcards: path=output, target_species=mMyrFas1, chr=chr19, query=sarHar1
    resources: tmpdir=/tmp


[Sun Feb  1 17:03:00 2026]
rule liftoff:
    input: output/chr19_phastCons60way_sarHar1_liftover_edited.gtf, data/features2.txt, data/genomes/sarHar1/sarHar1.fa, data/genomes/DasVivv1.0/GCA_020854095.1_UniMelb_DasViv_v1.0_genomic.fna, output/liftoff_intermediate
    output: output/chr19_phastCons60way_sarHar1_DasVivv1.0_mapped.gtf, output/chr19_phastCons60way_sarHar1_DasVivv1.0_unmapped.txt
    log: output/logfiles/chr19_phastCons60way_sarHar1_DasVivv1.0_mapped.gtf.log
    jobid: 36
    reason: Missing output files: output/chr19_phastCons60way_sarHar1_DasVivv1.0_mapped.gtf, output/chr19_phastCons60way_sarHar1_DasVivv1.0_unmapped.txt
    wildcards: path=output, target_species=DasVivv1.0, chr=chr19, query=sarHar1
    resources: tmpdir=/tmp


[Sun Feb  1 17:03:00 2026]
rule liftoff:
    input: output/chr19_phastCons60way_sarHar1_liftover_edited.gtf, data/features2.txt, data/genomes/sarHar1/sarHar1.fa, data/genomes/ThyCyn2.0_hybrid_assembly/UniMelb_ThyCyn2_0_hybrid_assembly.fsa, output/liftoff_intermediate
    output: output/chr19_phastCons60way_sarHar1_ThyCyn2.0_mapped.gtf, output/chr19_phastCons60way_sarHar1_ThyCyn2.0_unmapped.txt
    log: output/logfiles/chr19_phastCons60way_sarHar1_ThyCyn2.0_mapped.gtf.log
    jobid: 6
    reason: Missing output files: output/chr19_phastCons60way_sarHar1_ThyCyn2.0_mapped.gtf, output/chr19_phastCons60way_sarHar1_ThyCyn2.0_unmapped.txt
    wildcards: path=output, target_species=ThyCyn2.0, chr=chr19, query=sarHar1
    resources: tmpdir=/tmp


[Sun Feb  1 17:03:00 2026]
rule liftoff:
    input: output/chr19_phastCons60way_sarHar1_liftover_edited.gtf, data/features2.txt, data/genomes/sarHar1/sarHar1.fa, data/genomes/AStuM/GCA_016696395.1_USYD_AStu_M_genomic.fna, output/liftoff_intermediate
    output: output/chr19_phastCons60way_sarHar1_AStuM_mapped.gtf, output/chr19_phastCons60way_sarHar1_AStuM_unmapped.txt
    log: output/logfiles/chr19_phastCons60way_sarHar1_AStuM_mapped.gtf.log
    jobid: 27
    reason: Missing output files: output/chr19_phastCons60way_sarHar1_AStuM_mapped.gtf, output/chr19_phastCons60way_sarHar1_AStuM_unmapped.txt
    wildcards: path=output, target_species=AStuM, chr=chr19, query=sarHar1
    resources: tmpdir=/tmp

[Sun Feb  1 17:03:42 2026]
Error in rule liftoff:
    jobid: 18
    input: output/chr19_phastCons60way_sarHar1_liftover_edited.gtf, data/features2.txt, data/genomes/sarHar1/sarHar1.fa, data/genomes/mSarHar1.11/Sarcophilus_harrisii.mSarHar1.11.dna.toplevel.fna, output/liftoff_intermediate
    output: output/chr19_phastCons60way_sarHar1_mSarHar1.11_mapped.gtf, output/chr19_phastCons60way_sarHar1_mSarHar1.11_unmapped.txt
    log: output/logfiles/chr19_phastCons60way_sarHar1_mSarHar1.11_mapped.gtf.log (check log file(s) for error details)
    shell:
        
    liftoff -g output/chr19_phastCons60way_sarHar1_liftover_edited.gtf -f data/features2.txt -exclude_partial -dir output/liftoff_intermediate  -flank 0 data/genomes/mSarHar1.11/Sarcophilus_harrisii.mSarHar1.11.dna.toplevel.fna data/genomes/sarHar1/sarHar1.fa -o output/chr19_phastCons60way_sarHar1_mSarHar1.11_mapped.gtf -u output/chr19_phastCons60way_sarHar1_mSarHar1.11_unmapped.txt  2> output/logfiles/chr19_phastCons60way_sarHar1_mSarHar1.11_mapped.gtf.log
    
        (one of the commands exited with non-zero exit code; note that snakemake uses bash strict mode!)

[Sun Feb  1 17:03:44 2026]
Error in rule liftoff:
    jobid: 6
    input: output/chr19_phastCons60way_sarHar1_liftover_edited.gtf, data/features2.txt, data/genomes/sarHar1/sarHar1.fa, data/genomes/ThyCyn2.0_hybrid_assembly/UniMelb_ThyCyn2_0_hybrid_assembly.fsa, output/liftoff_intermediate
    output: output/chr19_phastCons60way_sarHar1_ThyCyn2.0_mapped.gtf, output/chr19_phastCons60way_sarHar1_ThyCyn2.0_unmapped.txt
    log: output/logfiles/chr19_phastCons60way_sarHar1_ThyCyn2.0_mapped.gtf.log (check log file(s) for error details)
    shell:
        
    liftoff -g output/chr19_phastCons60way_sarHar1_liftover_edited.gtf -f data/features2.txt -exclude_partial -dir output/liftoff_intermediate  -flank 0 data/genomes/ThyCyn2.0_hybrid_assembly/UniMelb_ThyCyn2_0_hybrid_assembly.fsa data/genomes/sarHar1/sarHar1.fa -o output/chr19_phastCons60way_sarHar1_ThyCyn2.0_mapped.gtf -u output/chr19_phastCons60way_sarHar1_ThyCyn2.0_unmapped.txt  2> output/logfiles/chr19_phastCons60way_sarHar1_ThyCyn2.0_mapped.gtf.log
    
        (one of the commands exited with non-zero exit code; note that snakemake uses bash strict mode!)

Terminating processes on user request, this might take some time.
[Sun Feb  1 17:03:47 2026]
Error in rule liftoff:
    jobid: 36
    input: output/chr19_phastCons60way_sarHar1_liftover_edited.gtf, data/features2.txt, data/genomes/sarHar1/sarHar1.fa, data/genomes/DasVivv1.0/GCA_020854095.1_UniMelb_DasViv_v1.0_genomic.fna, output/liftoff_intermediate
    output: output/chr19_phastCons60way_sarHar1_DasVivv1.0_mapped.gtf, output/chr19_phastCons60way_sarHar1_DasVivv1.0_unmapped.txt
    log: output/logfiles/chr19_phastCons60way_sarHar1_DasVivv1.0_mapped.gtf.log (check log file(s) for error details)
    shell:
        
    liftoff -g output/chr19_phastCons60way_sarHar1_liftover_edited.gtf -f data/features2.txt -exclude_partial -dir output/liftoff_intermediate  -flank 0 data/genomes/DasVivv1.0/GCA_020854095.1_UniMelb_DasViv_v1.0_genomic.fna data/genomes/sarHar1/sarHar1.fa -o output/chr19_phastCons60way_sarHar1_DasVivv1.0_mapped.gtf -u output/chr19_phastCons60way_sarHar1_DasVivv1.0_unmapped.txt  2> output/logfiles/chr19_phastCons60way_sarHar1_DasVivv1.0_mapped.gtf.log
    
        (one of the commands exited with non-zero exit code; note that snakemake uses bash strict mode!)

[Sun Feb  1 17:03:47 2026]
Error in rule liftoff:
    jobid: 54
    input: output/chr19_phastCons60way_sarHar1_liftover_edited.gtf, data/features2.txt, data/genomes/sarHar1/sarHar1.fa, data/genomes/mDroGli1/GCF_019393635.1_mDroGli1.pri_genomic.fna, output/liftoff_intermediate
    output: output/chr19_phastCons60way_sarHar1_mDroGli1_mapped.gtf, output/chr19_phastCons60way_sarHar1_mDroGli1_unmapped.txt
    log: output/logfiles/chr19_phastCons60way_sarHar1_mDroGli1_mapped.gtf.log (check log file(s) for error details)
    shell:
        
    liftoff -g output/chr19_phastCons60way_sarHar1_liftover_edited.gtf -f data/features2.txt -exclude_partial -dir output/liftoff_intermediate  -flank 0 data/genomes/mDroGli1/GCF_019393635.1_mDroGli1.pri_genomic.fna data/genomes/sarHar1/sarHar1.fa -o output/chr19_phastCons60way_sarHar1_mDroGli1_mapped.gtf -u output/chr19_phastCons60way_sarHar1_mDroGli1_unmapped.txt  2> output/logfiles/chr19_phastCons60way_sarHar1_mDroGli1_mapped.gtf.log
    
        (one of the commands exited with non-zero exit code; note that snakemake uses bash strict mode!)

[Sun Feb  1 17:03:47 2026]
Error in rule liftoff:
    jobid: 27
    input: output/chr19_phastCons60way_sarHar1_liftover_edited.gtf, data/features2.txt, data/genomes/sarHar1/sarHar1.fa, data/genomes/AStuM/GCA_016696395.1_USYD_AStu_M_genomic.fna, output/liftoff_intermediate
    output: output/chr19_phastCons60way_sarHar1_AStuM_mapped.gtf, output/chr19_phastCons60way_sarHar1_AStuM_unmapped.txt
    log: output/logfiles/chr19_phastCons60way_sarHar1_AStuM_mapped.gtf.log (check log file(s) for error details)
    shell:
        
    liftoff -g output/chr19_phastCons60way_sarHar1_liftover_edited.gtf -f data/features2.txt -exclude_partial -dir output/liftoff_intermediate  -flank 0 data/genomes/AStuM/GCA_016696395.1_USYD_AStu_M_genomic.fna data/genomes/sarHar1/sarHar1.fa -o output/chr19_phastCons60way_sarHar1_AStuM_mapped.gtf -u output/chr19_phastCons60way_sarHar1_AStuM_unmapped.txt  2> output/logfiles/chr19_phastCons60way_sarHar1_AStuM_mapped.gtf.log
    
        (one of the commands exited with non-zero exit code; note that snakemake uses bash strict mode!)

[Sun Feb  1 17:03:47 2026]
Error in rule liftoff:
    jobid: 45
    input: output/chr19_phastCons60way_sarHar1_liftover_edited.gtf, data/features2.txt, data/genomes/sarHar1/sarHar1.fa, data/genomes/mMyrFas1/GCA_023553655.1_mMyrfas1.20211206_genomic.fna, output/liftoff_intermediate
    output: output/chr19_phastCons60way_sarHar1_mMyrFas1_mapped.gtf, output/chr19_phastCons60way_sarHar1_mMyrFas1_unmapped.txt
    log: output/logfiles/chr19_phastCons60way_sarHar1_mMyrFas1_mapped.gtf.log (check log file(s) for error details)
    shell:
        
    liftoff -g output/chr19_phastCons60way_sarHar1_liftover_edited.gtf -f data/features2.txt -exclude_partial -dir output/liftoff_intermediate  -flank 0 data/genomes/mMyrFas1/GCA_023553655.1_mMyrfas1.20211206_genomic.fna data/genomes/sarHar1/sarHar1.fa -o output/chr19_phastCons60way_sarHar1_mMyrFas1_mapped.gtf -u output/chr19_phastCons60way_sarHar1_mMyrFas1_unmapped.txt  2> output/logfiles/chr19_phastCons60way_sarHar1_mMyrFas1_mapped.gtf.log
    
        (one of the commands exited with non-zero exit code; note that snakemake uses bash strict mode!)

Complete log: .snakemake/log/2026-02-01T170259.325107.snakemake.log
