Building DAG of jobs...
Using shell: /usr/bin/bash
Provided cores: 1 (use --cores to define parallelism)
Rules claiming more threads will be scaled down.
Provided resources: exclusive=1
Job stats:
job       count
------  -------
finish        1
total         1

Select jobs to execute...

[Sun Feb  8 16:22:25 2026]
rule finish:
    input: output/BosGru3.1/chr19_bosTau7_BosGru3.1_list.txt
    output: output/bosTau7_workflow_summary.txt, output/bosTau7_regions_list.txt
    log: output/logfiles/bosTau7_finish.log
    jobid: 0
    reason: Forced execution
    wildcards: path=output, query=bosTau7
    resources: tmpdir=/tmp

[Sun Feb  8 16:22:26 2026]
Finished job 0.
1 of 1 steps (100%) done
Complete log: .snakemake/log/2026-02-08T162223.825775.snakemake.log
