Building DAG of jobs...
Using shell: /usr/bin/bash
Provided cores: 6
Rules claiming more threads will be scaled down.
Provided resources: exclusive=1
Job stats:
job                count
---------------  -------
bed2gtf                1
clean_bedfile          1
combine_mapped         1
editgtf                1
finish                 1
format_unmapped        1
get_fasta              1
get_unmapped           1
gtf2bed                1
liftoff                1
liftover               1
remap                  1
split_fasta            1
total                 13

Select jobs to execute...

[Sun Feb  8 17:44:40 2026]
rule liftover:
    input: data/chain_files/mm10ToBosTau7.over.chain.gz, data/mm10/chr19_60way_most_conserved_merged_size_edited.bed
    output: output/chr19_phastCons60way_canFam3_liftover.bed, output/chr19_phastCons60way_canFam3_unlifted.bed
    log: output/logfiles/chr19_phastCons60way_canFam3_liftover.log
    jobid: 9
    reason: Missing output files: output/chr19_phastCons60way_canFam3_liftover.bed
    wildcards: path=output, chr=chr19, query=canFam3
    resources: tmpdir=/tmp

[Sun Feb  8 17:45:03 2026]
Finished job 9.
1 of 13 steps (8%) done
Select jobs to execute...

[Sun Feb  8 17:45:03 2026]
rule bed2gtf:
    input: output/chr19_phastCons60way_canFam3_liftover.bed
    output: output/chr19_phastCons60way_canFam3_liftover.gtf
    log: output/logfiles/chr19_phastCons60way_canFam3.gtf.log
    jobid: 8
    reason: Missing output files: output/chr19_phastCons60way_canFam3_liftover.gtf; Input files updated by another job: output/chr19_phastCons60way_canFam3_liftover.bed
    wildcards: path=output, chr=chr19, query=canFam3
    resources: tmpdir=/tmp

[Sun Feb  8 17:45:03 2026]
Finished job 8.
2 of 13 steps (15%) done
Select jobs to execute...

[Sun Feb  8 17:45:03 2026]
rule editgtf:
    input: output/chr19_phastCons60way_canFam3_liftover.gtf
    output: output/chr19_phastCons60way_canFam3_liftover_edited.gtf
    log: output/logfiles/chr19_phastCons60way_canFam3_edited.gtf.log
    jobid: 7
    reason: Missing output files: output/chr19_phastCons60way_canFam3_liftover_edited.gtf; Input files updated by another job: output/chr19_phastCons60way_canFam3_liftover.gtf
    wildcards: path=output, chr=chr19, query=canFam3
    resources: tmpdir=/tmp

[Sun Feb  8 17:45:03 2026]
Finished job 7.
3 of 13 steps (23%) done
Select jobs to execute...

[Sun Feb  8 17:45:03 2026]
rule liftoff:
    input: output/chr19_phastCons60way_canFam3_liftover_edited.gtf, data/features2.txt, data/genomes/canFam3/canFam3.fa, data/genomes/BosGru3.1/GCA_005887515.3_BosGru3.1_genomic.fna, output/liftoff_intermediate
    output: output/chr19_phastCons60way_canFam3_BosGru3.1_mapped.gtf, output/chr19_phastCons60way_canFam3_BosGru3.1_unmapped.txt
    log: output/logfiles/chr19_phastCons60way_canFam3_BosGru3.1_mapped.gtf.log
    jobid: 6
    reason: Missing output files: output/chr19_phastCons60way_canFam3_BosGru3.1_mapped.gtf, output/chr19_phastCons60way_canFam3_BosGru3.1_unmapped.txt; Input files updated by another job: output/chr19_phastCons60way_canFam3_liftover_edited.gtf
    wildcards: path=output, target_species=BosGru3.1, chr=chr19, query=canFam3
    resources: tmpdir=/tmp, exclusive=1

[Sun Feb  8 17:45:12 2026]
Error in rule liftoff:
    jobid: 6
    input: output/chr19_phastCons60way_canFam3_liftover_edited.gtf, data/features2.txt, data/genomes/canFam3/canFam3.fa, data/genomes/BosGru3.1/GCA_005887515.3_BosGru3.1_genomic.fna, output/liftoff_intermediate
    output: output/chr19_phastCons60way_canFam3_BosGru3.1_mapped.gtf, output/chr19_phastCons60way_canFam3_BosGru3.1_unmapped.txt
    log: output/logfiles/chr19_phastCons60way_canFam3_BosGru3.1_mapped.gtf.log (check log file(s) for error details)
    shell:
        
    liftoff -g output/chr19_phastCons60way_canFam3_liftover_edited.gtf -f data/features2.txt -exclude_partial -dir output/liftoff_intermediate  -flank 0 data/genomes/BosGru3.1/GCA_005887515.3_BosGru3.1_genomic.fna data/genomes/canFam3/canFam3.fa -o output/chr19_phastCons60way_canFam3_BosGru3.1_mapped.gtf -u output/chr19_phastCons60way_canFam3_BosGru3.1_unmapped.txt  2> output/logfiles/chr19_phastCons60way_canFam3_BosGru3.1_mapped.gtf.log
    
        (one of the commands exited with non-zero exit code; note that snakemake uses bash strict mode!)

Shutting down, this might take some time.
Exiting because a job execution failed. Look above for error message
Complete log: .snakemake/log/2026-02-08T174435.896750.snakemake.log
